# This list needs work!!
alligator- eusuchian
ant- myrmecine
anteater- myrmecophagine
antelope- alcelaphine, bubaline, antilopine
ape- simian
armadillo- tolypeutine
ass- asinine, equine
badger- musteline
barracuda- percesocine
bat- pteropine, noctillionine
bear- ursine
bee- apian, apiarian
bird- avian, muscicapine, oscine, passerine, pendeline, volucrine, ornithic
bison- bisontine
blackbird- icterine
bluebird- turdine
buffalo- bovine, bubaline
bull- taurine
bullfinch- pyrrhuline
bunting- emberizine, pyrrhuloxine
butterfly- pieridine, pierine
buzzard- buteonine, cathartine
calf- vituline
camel- cardinal- pyrrhuloxine
cat- feline
chamois- rupicaprine
chicken- galline
civet- viverrine
cobra- elapine
cormorant- phalacrocoracine
cow- bovine
crab- cancrine
crane- alectorine
crocodile- crocodilian
crow- corvine
cuckoo- cuculine
deer- cervine, elaphine
dodo- didine
dog- canine
dolphin- delphine
donkey- asinine
dormouse- myoxine
dove- columbine
dragon- draconine
duck- anatine, fuliguline
eagle- aquiline
earthworm- lumbricine
elephant- elephantine
elk- cervine
emu- ratite, struthious
ermine- musteline
falcon- acciptrine
ferret- musteline
finch- fringilline
fish- piscine, ichthyic
flea- pulicine
flamingo- phoenicopterine
flying fox- pteropine
fox- vulpine
frog- ranine
gazelle- gazelline
gerbil- cricetine
gibbon- hylobatine
giraffe- giraffine
goat- caprine, hircine
goose- anatine, anserine
gull- larine
hamster- cricetine
hare- leporine
hawk- accipitrine, falconine
hippopotamus- hippopotamine
hog- suilline
hornet- vespine
horse- equine
human- humanoid, hominine
hummingbird- trochiline
hyena- hyenine
iguana - iguanian
insect- insectan, insectile
jay- garruline
kangaroo- macropodine
kestrel- falconine
kingfisher- halcyonine
kite- milvine
leech- hirudine
lemming- microtine
lemur- lemurine
leopard- pardine
limpet- patelline
lion- leonine
lizard- lacertillian, saurian
lobster- homarine
louse- pediculine
macaw- psittacine
macropod- macropodian
magpie- garruline
mallard- anatine
manatee- manatine, sirenian
marten- musteline
martin- hirundine
meadowlark- icterine
mink- musteline
mite- acarine
mockingbird- mimine
mole- talpine
mongoose- viverrine, herpestine
monkey- simian
moose- cervine
mosquito- aedine, anopheline
moth- arctian
mouse- murine
nightingale- philomelian
octopus- octopine
opossum- didelphine
oriole- icterine
oryx- orygine
ostrich- ratite, struthious
otter- musteline, lutrine
ox- bovine
oyster- ostracine
panther- pantherine
parrot-psittacine
partridge- perdicine
peacock- pavonine
pheasant- alectorine, phasianine
pig- porcine, suilline
pigeon- pullastrine
platypus- ornithorhynchine
plover- charadrine
polecat- musteline
porcupine- hystricine
porpoise- phocaenine
python- pythonine
quail- coturnine
rabbit- leporine, lapine
raccoon- procyonine
rail - ralline
ram- arietine
rat- murine
raven- corvine
rattlesnake- crotaline
reptile- reptilian, serpentine
reindeer- rangiferine
rhea- struthious
rhinoceros- ceratorhine
robin- turdine
rodent- glirine
roebuck- capreoline
sable- zibeline
salamander- salamandrine
salmon- salmonid
sea horse- hippocampine
sea lion- otarine
seal- phocine, otarine
serpent- serpentine
sheep- ovine
shrew- soricine
silkworm- bombycine
skunk- musteline
skylark- alaudine
slug- limacine
smelt- atherine
snake- anguine, elapine, colubrine, ophidian, reptilian, serpentine, viperine
snipe- charadrine
songbird- oscine
sparrow- passerine
spider- arachnoid
squirrel- sciurine
stag- cervine, elaphine
stoat- musteline
stork- ciconine
sturgeon- acipenserine
swallow- hirundine
swan- anatine, cygnine
swift- cypseline
termite- termitine
tick- acarine
tiger- tigrine
toad- ranine, batrachian
tortoise- chelonian, testudine
turkey- meleagrine
turtle- chelonian
umbrellabird- cephalopterine
vole- microtine
vulture- vulturine
viper- viperine
wasp- vespine
weasel- musteline
whale- cetacean, cetaceous
wolf- lupine
wombat- phascolomian
woodcock- charadrine, scolopacine
worm- helminthic, vermian
wren- troglodytine
x-ray fish- tetragonopterinine
yak- bovine
zebra- equine, zebrine, hippotigrine
