108000000 Dante
95300000 Homer
89300000 Plato
54500000 Charles Darwin
43400000 Colette
38300000 Victor Hugo
38100000 Voltaire
33400000 Pickles
30900000 William Shakespeare
29300000 Mark Twain
26700000 Albert Camus
25900000 Stephen King
25800000 Maddox
24100000 J. K. Rowling
24100000 Aristotle
22300000 Dr. Seuss
20500000 Oscar Wilde
18600000 Jane Austen
17800000 Charles Dickens
16900000 Karl Marx
15000000 Agatha Christie
14700000 Jules Verne
13800000 Edgar Allan Poe
13700000 Anne Frank
13500000 John Green
11800000 George Orwell
11700000 Harper Lee
11400000 J. R. R. Tolkien
11300000 C. S. Lewis
11000000 Ernest Hemingway
10900000 George R. R. Martin
10900000 E. L. James
10900000 Aesop
10500000 Miguel de Cervantes
10200000 Tom Clancy
10100000 Maya Angelou
9920000 Dan Brown
9300000 Adam Smith
8960000 Friedrich Nietzsche
8910000 James Joyce
8840000 Virginia Woolf
8520000 Neil Gaiman
8490000 Lewis Carroll
8370000 Molière
8350000 Jack London
8290000 Montesquieu
8260000 Roald Dahl
8140000 William Levy
7520000 Richard Dawkins
7320000 Franz Kafka
7080000 Noam Chomsky
7040000 Robert Frost
6940000 Deepak Chopra
6700000 James Patterson
6640000 Terry Pratchett
6640000 Cornel West
6620000 Laura Ingalls Wilder
6610000 Jean-Jacques Rousseau
6460000 Patti Smith
6400000 Stendhal
6220000 Carl Sagan
5760000 Jackie Collins
5660000 Thomas Mann
5540000 Elizabeth George
5500000 Ralph Waldo Emerson
5450000 James White
5370000 Gabriel García Márquez
5300000 Ayn Rand
5060000 John Locke
4630000 Michel Foucault
4540000 Immanuel Kant
4290000 Heather Graham
4270000 Henry James
4040000 D. H. Lawrence
4010000 Umberto Eco
3930000 Christopher Hitchens
3820000 Margaret Atwood
3540000 Salman Rushdie
3180000 Lauren Conrad
2550000 Hans Christian Andersen
2420000 Mark Smith
2410000 John Allen
2360000 David Wright
2290000 Arthur Conan Doyle
2180000 Ibn Battuta
2040000 Robert Louis Stevenson
2020000 Mario Vargas Llosa
1810000 Hugh Laurie
1770000 Suzanne Collins
1770000 Jorge Luis Borges
1720000 José Saramago
1670000 William Shatner
1660000 Rudyard Kipling
1630000 Cassandra Clare
1620000 Samuel Beckett
1560000 Steve Miller
1550000 Veronica Roth
1550000 Rick Riordan
1550000 Alice Munro
1490000 Ethan Hawke
1450000 Stephenie Meyer
1440000 Haruki Murakami
1440000 H. P. Lovecraft
1440000 Charles Bukowski
1430000 F. Scott Fitzgerald
1420000 Michael Collins
1420000 Douglas Adams
1400000 George Bernard Shaw
1370000 Bram Stoker
1350000 Jean-Paul Sartre
1340000 Alan Moore
1330000 John Steinbeck
1330000 Eckhart Tolle
1300000 Rabindranath Tagore
1290000 Henry David Thoreau
1290000 H. G. Wells
1270000 Sharon Lee
1270000 Isaac Asimov
1260000 Siri Hustvedt
1260000 Ray Bradbury
1260000 Hermann Hesse
1250000 Thomas Hardy
1250000 Eugene Field
1250000 Aldous Huxley
1240000 Kingsley Amis
1190000 Astrid Lindgren
1180000 Jack Kerouac
1170000 Marcel Proust
1150000 Philip K. Dick
1150000 Oliver Goldsmith
1120000 John Grisham
1080000 Truman Capote
1080000 Nora Roberts
1060000 Jean Cocteau
1060000 Arthur Miller
1050000 Miguel Hernández
1040000 Beatrix Potter
1030000 Simone de Beauvoir
1030000 Isabel Allende
1030000 Hunter S. Thompson
1020000 Antoine de Saint-Exupéry
1010000 Federico García Lorca
994000 Leo Tolstoy
983000 Anne Rice
981000 Arthur Schopenhauer
971000 Eric Carle
970000 Herman Melville
970000 Ann M. Martin
966000 Gustave Flaubert
965000 Robert Kiyosaki
961000 Arthur Rimbaud
946000 Chuck Palahniuk
945000 William Faulkner
939000 Sarah Dessen
934000 Julio Cortázar
934000 Akira Toriyama
927000 Danielle Steel
925000 Henry Miller
924000 Arthur C. Clarke
922000 Mary Shelley
913000 Samuel Johnson
883000 G. K. Chesterton
868000 Toni Morrison
867000 David Hume
866000 Tennessee Williams
863000 Gerard Way
863000 Dylan Thomas
848000 Vladimir Nabokov
846000 William Wordsworth
842000 John Stuart Mill
842000 Ian Fleming
839000 Honoré de Balzac
828000 Elie Wiesel
828000 E. E. Cummings
822000 Jonathan Swift
819000 Aleister Crowley
813000 R. L. Stine
804000 Milan Kundera
802000 Cormac McCarthy
797000 Paul Auster
793000 O. Henry
793000 Lemony Snicket
791000 Richelle Mead
788000 Hergé
782000 Graham Greene
781000 Denis Diderot
780000 E. E. Smith
779000 Michael Crichton
773000 David Mitchell
772000 Ken Follett
769000 Diana Gabaldon
764000 John Byrne
762000 Martin Heidegger
756000 Ovidius
750000 Sam Harris
749000 Joe Hill
749000 Guy de Maupassant
732000 Orhan Pamuk
731000 Philip Roth
730000 Bill Bryson
729000 Paul Valéry
729000 David Foster Wallace
728000 Jeffrey Archer
727000 Khaled Hosseini
726000 Jeff Smith
724000 Lee Child
724000 H. Beam Piper
723000 Thomas Hobbes
722000 Jean de La Fontaine
721000 Nathaniel Hawthorne
718000 Namık Kemal
716000 A.A. Milne
713000 Harlan Coben
713000 Enid Blyton
710000 Shel Silverstein
708000 Necip Fazıl Kısakürek
702000 Henrik Ibsen
696000 Markus Zusak
693000 Gilles Deleuze
690000 William Gibson
689000 James Baldwin
688000 Peter James
685000 Daniel Defoe
684000 Washington Irving
682000 Albert Speer
677000 Robert Palmer
676000 Ian McEwan
672000 Amartya Sen
670000 Meg Cabot
669000 Ruskin Bond
668000 Suzanne Somers
662000 J. R. Ward
661000 Harold Pinter
658000 Charles Perrault
657000 Orson Scott Card
657000 Edith Wharton
656000 Anton Chekhov
655000 Jack Canfield
653000 Miguel de Unamuno
653000 Alice Walker
651000 Raymond Chandler
649000 Edgar Rice Burroughs
644000 Maurice Sendak
641000 Louis Aragon
640000 E. M. Forster
637000 Frank Herbert
636000 Heinrich Böll
635000 Martin Amis
635000 Charlotte Brontë
631000 Paul Craig Roberts
631000 Günter Grass
628000 J. M. Barrie
628000 Guillaume Apollinaire
627000 Sandra Brown
627000 Louisa May Alcott
624000 William Butler Yeats
617000 Sir Walter Scott
615000 Patrick Rothfuss
612000 Judy Blume
609000 John Updike
607000 L. Frank Baum
606000 David Sedaris
606000 Arundhati Roy
604000 William S. Burroughs
604000 Jürgen Habermas
603000 Pat Murphy
603000 Andrew Sullivan
602000 Alexander Pope
601000 Aristophanes
601000 Anthony Burgess
600000 Philip Pullman
599000 Jared Diamond
598000 John Irving
596000 Ludwig von Mises
595000 Norman Mailer
595000 L. Ron Hubbard
594000 Cory Doctorow
591000 Marguerite Yourcenar
591000 Dave Barry
588000 Robert Shaw
588000 Fyodor Dostoevsky
588000 Anthony Horowitz
587000 L. J. Smith
587000 Chinua Achebe
586000 Margaret Mitchell
583000 Cecelia Ahern
581000 Robert Jordan
581000 François Rabelais
580000 John Shirley
580000 Doris Lessing
578000 John Rawls
575000 Flannery O'Connor
573000 Sidney Sheldon
573000 Lala Lajpat Rai
571000 Rosamunde Pilcher
569000 Susan Cooper
568000 Steve Perry
568000 Jim Butcher
566000 Tess Gerritsen
564000 Raymond Carver
563000 E. B. White
562000 Lois Lowry
562000 Don DeLillo
562000 Antonin Artaud
561000 Robert Graves
560000 William Golding
560000 Lisa Kleypas
560000 Bret Easton Ellis
559000 Sherrilyn Kenyon
558000 Steven Pinker
557000 Wole Soyinka
556000 Emily Brontë
549000 Kazuo Ishiguro
549000 Dave Eggers
548000 Leon Trotsky
547000 Thomas Harris
547000 John Christopher
546000 Geoffrey Chaucer
544000 Eugene O'Neill
544000 Alfred de Musset
542000 Yaşar Kemal
542000 Joan Didion
541000 Émile Zola
539000 Tove Jansson
539000 John Bunyan
539000 Daphne du Maurier
538000 Robert A. Heinlein
537000 Michael Grant
537000 Cornelia Funke
537000 Andrew Taylor
536000 Catherine Jones
535000 Julian Barnes
531000 Mario Puzo
531000 Katherine Mansfield
529000 Scott Westerfeld
529000 Eduardo Mendoza
528000 John Boyne
527000 Thomas Pynchon
527000 Patricia Cornwell
526000 Richard Matheson
525000 Marc Levy
524000 Ursula K. Le Guin
524000 Bernard Cornwell
524000 Amélie Nothomb
523000 P. G. Wodehouse
523000 Amy Tan
517000 José Ortega y Gasset
517000 Fernando Savater
516000 Samuel Taylor Coleridge
513000 Carlos Ruiz Zafón
512000 J.G. Ballard
511000 Julia Quinn
510000 Søren Kierkegaard
510000 Evelyn Waugh
510000 Alessandro Baricco
509000 Mary Higgins Clark
508000 Patricia Highsmith
506000 Willa Cather
506000 Joseph Heller
506000 Gene Roddenberry
505000 Debbie Macomber
505000 Ben Jonson
504000 Robert Silverberg
504000 Helen Fielding
503000 Ziya Gökalp
502000 Saul Bellow
501000 Zora Neale Hurston
501000 Dashiell Hammett
500000 Karin Slaughter
500000 Camilo José Cela
498000 Georges Bataille
498000 Boris Pasternak
497000 Javier Marías
495000 Irvine Welsh
495000 Christina Skye
494000 Rod Serling
493000 Miranda July
490000 Linda Howard
490000 Jean Racine
490000 Alberto Moravia
488000 John Barnes
488000 Frank McCourt
487000 W. Somerset Maugham
487000 Neal Stephenson
487000 Erich Maria Remarque
486000 Stephen Jay Gould
486000 Sara Shepard
486000 Ellen G. White
485000 Ken Kesey
485000 Frances Hodgson Burnett
484000 Terence McKenna
484000 Pedro Salinas
484000 Nikos Kazantzakis
484000 Lisa See
484000 Dan Simmons
483000 Robert E. Howard
483000 Edmond Rostand
483000 Dinesh D'Souza
482000 Patrick Moore
482000 Nabil Ayouch
482000 James Thurber
482000 Erin Hunter
482000 Anthony Trollope
481000 Richard Scarry
481000 Bolesław Prus
480000 Robert Adams
480000 Douglas Coupland
479000 Stephen R. Covey
479000 Robin Cook
479000 John Flanagan
479000 Gottfried Wilhelm Leibniz
478000 Steve White
477000 P. D. James
477000 Michael Stewart
476000 Kazi Nazrul Islam
476000 Jane Jacobs
476000 Harlan Ellison
475000 Shirley Jackson
475000 Eoin Colfer
474000 Michael Chabon
473000 Peter May
473000 Augustine of Hippo
472000 Knut Hamsun
472000 Bruce Robinson
472000 Amin Maalouf
472000 Alphonse Daudet
471000 Marian Keyes
470000 Onyeka
470000 Jeffery Deaver
470000 Diana Palmer
470000 Andrew Robinson
469000 Kathryn Stockett
469000 Gustavo Adolfo Bécquer
469000 Alexander McCall Smith
468000 Emil Cioran
468000 Annie Dillard
467000 William Boyd
467000 Elizabeth Gaskell
467000 David Barton
466000 Joanne Harris
464000 Susan Johnson
464000 Aziz Nesin
461000 Michael Moorcock
460000 Amos Oz
459000 E. L. Doctorow
459000 Carl Hiaasen
458000 Ian Rankin
458000 Eric Brown
457000 Mark Haddon
455000 Arthur Schnitzler
455000 Antonio Gala
454000 Lucy Maud Montgomery
454000 Evliya Çelebi
453000 Susan Lewis
453000 Sinclair Lewis
453000 Jim Murphy
453000 J. Michael Straczynski
453000 Edgar Wallace
452000 Edward Lear
452000 Barbara Cartland
451000 Ivo Andrić
451000 Alvin Toffler
450000 Tahar Ben Jelloun
450000 Stephen Crane
449000 Anna Quindlen
448000 Terry Goodkind
448000 Terry Brooks
448000 Mary Stewart
448000 James Fenimore Cooper
447000 Edward Albee
447000 Colin Wilson
446000 Susan Mallery
445000 Marion Zimmer Bradley
444000 Stéphane Hessel
444000 Sherman Alexie
444000 Mary Balogh
444000 Andrew Lang
442000 Julie Garwood
442000 James Frey
441000 Nadine Gordimer
440000 Thomas Wolfe
440000 Susan Elizabeth Phillips
439000 Sandra Cisneros
439000 O. Douglas
439000 Kristin Hannah
438000 Mark Victor Hansen
438000 Judith McNaught
438000 Fred Vargas
437000 Rajashree
437000 Nassim Nicholas Taleb
437000 Donna Leon
436000 Kate Chopin
435000 Madeleine L'Engle
435000 Georg Wilhelm Friedrich Hegel
435000 Alex Sánchez
434000 V. S. Naipaul
434000 Johanna Lindsey
434000 Georgette Heyer
434000 Friedrich Hölderlin
433000 Wilfred Owen
433000 Stéphane Mallarmé
433000 Edward Abbey
433000 David Weber
433000 André Maurois
432000 Jane Green
431000 Iris Murdoch
431000 Eugène Ionesco
431000 Diana Wynne Jones
431000 Alfred Jarry
430000 Muriel Barbery
430000 Ian Bremmer
430000 Alex Haley
429000 Patrick White
429000 Jessica Steele
429000 Bernard Werber
428000 Jack Higgins
427000 Nikolai Gogol
427000 Elfriede Jelinek
427000 Bohumil Hrabal
426000 Robert Bloch
426000 Michael Palmer
426000 Marcel Marceau
426000 Geraldine Brooks
426000 Bruce Sterling
423000 Tomi Ungerer
423000 Matthew Quick
423000 Erich von Däniken
422000 Peter Carey
422000 James Herriot
422000 Alice Sebold
421000 John Cheever
421000 Isaac Bashevis Singer
420000 Patrick Süskind
420000 Ann Brashares
418000 Lee Iacocca
417000 Mikhail Bulgakov
417000 Larry Niven
417000 Jane Yolen
416000 Sue Grafton
416000 Sait Faik
416000 Jaspreet Singh
415000 Michael Ondaatje
415000 Matthew Reilly
415000 Eloisa James
415000 Ally Carter
414000 Dennis Lee
414000 Christopher Isherwood
413000 John Norman
413000 Ismet Özel
413000 Harry Harrison
412000 Witold Gombrowicz
412000 Linda Lewis
411000 Michael Bond
411000 Anne McCaffrey
410000 Robert Irwin
410000 Naguib Mahfouz
409000 Ömer Seyfettin
409000 Robert Anton Wilson
409000 Jude Deveraux
409000 Brenda Joyce
409000 Andrew Morton
408000 Maxim Gorky
408000 Lori Foster
408000 John Fante
408000 Garth Nix
408000 Aleksandr Solzhenitsyn
408000 Alan Garner
407000 Tamora Pierce
407000 Stephen Baxter
407000 Louis Sachar
407000 John Osborne
407000 Isak Dinesen
407000 Amanda Quick
406000 Roger Zelazny
406000 Penny Jordan
406000 Daniel Keyes
405000 Richard Yates
405000 Kenneth Grahame
405000 Jack Vance
405000 Hanif Kureishi
403000 V. C. Andrews
403000 Michael Flynn
403000 Maeve Binchy
403000 Kristin Cashore
403000 John Buchan
403000 Janette Oke
403000 James Chapman
403000 António Lobo Antunes
402000 Laurence Sterne
402000 Jason Roberts
402000 James Van Praagh
401000 A. S. Byatt
400000 S.E. Hinton
400000 Kathleen Kane
400000 Beverly Cleary
399000 Jackie French
398000 Vikas Swarup
398000 Tim LaHaye
398000 Patrick O'Brian
398000 Jonathan Lethem
398000 Carole Mortimer
397000 Kim Stanley Robinson
397000 Jasper Fforde
397000 Hugo Claus
397000 Bill Robinson
397000 Atilla Ilhan
396000 Poul Anderson
396000 Katip Çelebi
396000 David Brin
396000 Banana Yoshimoto
395000 William Styron
395000 Neal Shusterman
395000 Junot Díaz
395000 John Marsden
395000 Fred Hoyle
395000 Catherine Coulter
394000 Steven Pressfield
394000 Fritz Leiber
394000 Christopher Hart
393000 Stephanie Laurens
393000 Charlotte Perkins Gilman
392000 Susan Wiggs
392000 Larry McMurtry
392000 Karen Kay
392000 Ann Scott
391000 Tucker Max
391000 John Dos Passos
390000 Stanisław Lem
390000 Luis Sepúlveda
390000 John Wyndham
390000 Greg Palast
389000 Karen Joy Fowler
389000 Halide Edip Adıvar
389000 Frederik Pohl
388000 William Watson
388000 Robert Bly
388000 Gwendolyn Brooks
388000 Charles Stross
388000 Catherine Anderson
387000 Marin Preda
387000 Kevin J. Anderson
387000 David Rees
387000 Barbara Allen
386000 Sarah Kane
386000 Lois McMaster Bujold
386000 Kate Mosse
386000 John Harrington
385000 Theodore Dreiser
385000 Susan King
385000 Robert Munsch
385000 Paul Bailey
385000 Jill Mansell
385000 Graham Jones
384000 Stephen Hunt
384000 Miranda Lee
384000 Mercedes Lackey
384000 John Knowles
384000 Johanna Spyri
384000 James Boswell
384000 David Shannon
384000 Christopher Golden
384000 Charles Kingsley
383000 Martin Gilbert
383000 Lloyd Alexander
383000 Barbara Wood
382000 Timothy Zahn
382000 Mary Pope Osborne
382000 Ian Watson
382000 David Drake
381000 William Black
381000 Victoria Holt
381000 Robert Fulghum
381000 Gene Wolfe
381000 Connie Willis
380000 Jennifer Blake
379000 Robyn Carr
379000 Miguel Ángel Asturias
379000 H. Rider Haggard
378000 John W. Campbell
378000 John Cotton
377000 Piers Anthony
377000 Max Barry
377000 Daniel Kehlmann
377000 Ann Rule
376000 Tim Russert
376000 Sheila Walsh
376000 Rosie Thomas
376000 Lin Yutang
376000 Katie Fforde
376000 Joe Haldeman
376000 Ivan Vazov
376000 Ivan Turgenev
376000 Greg Bear
376000 Andre Norton
376000 Alan Dean Foster
375000 Walter Dean Meyers
375000 Theodore Sturgeon
375000 Robert Goddard
375000 Arnold Bennett
374000 Linda Lael Miller
374000 Jayne Ann Krentz
374000 Dav Pilkey
373000 Conn Iggulden
373000 Anthony Powell
373000 Alison Weir
372000 Malcolm Lowry
371000 John O'Hara
371000 Jerry Pournelle
370000 John Brunner
370000 Gosho Aoyama
369000 Thomas Sullivan
369000 Chuck Klosterman
368000 Mary Norton
368000 Dan Barker
367000 Steven Erikson
367000 Rebecca St. James
367000 Joseph Jacobs
367000 Iain M. Banks
366000 Neal Cassady
366000 Brian Aldiss
365000 Gordon Korman
365000 Ford Madox Ford
364000 Max Allan Collins
364000 Gregory Benford
364000 Carolyn Keene
363000 Michael Gerber
363000 Kim Edwards
363000 John Varley
363000 Harry Turtledove
363000 Anna Sewell
362000 Arnold Lobel
361000 Nancy Kress
361000 Leon Uris
360000 Ramsey Campbell
360000 Barbara Taylor Bradford
360000 A. J. Cronin
359000 Stephen Elliott
359000 Fern Michaels
359000 Catherine Cookson
358000 Terry Davis
358000 Mike Resnick
358000 Margaret Peterson Haddix
358000 Chris Van Allsburg
358000 Brian Jacques
358000 Ben Bova
358000 Alfred Bester
357000 Sabrina Jeffries
357000 Joel Rosenberg
357000 Anne Fine
356000 Martina Cole
356000 Elizabeth Walker
355000 Robert Muchamore
355000 Michael Johns
355000 Keith Roberts
354000 Sharon Kendrick
354000 Robert Sheckley
354000 Max Apple
353000 Tanith Lee
353000 Edna Ferber
353000 Abbie Hoffman
352000 Tim Lucas
352000 H.A. Rey
352000 Fernando Arrabal
352000 Dean R. Koontz
351000 Tony Hillerman
351000 Robert Lawson
351000 Lauren Brooke
351000 Antonia Fraser
350000 Tami Hoag
350000 Robert Crais
350000 Laura Lippman
350000 Glen Cook
349000 Gardner Dozois
348000 Richard Preston
348000 Jack Williamson
348000 Hector Malot
348000 Emma Darcy
348000 Elizabeth Moon
347000 Ridley Pearson
347000 Penelope Fitzgerald
346000 Jean Toomer
346000 Janet Dailey
346000 Bob Shaw
345000 Ron Larson
344000 Jerome David Salinger
344000 Anne Morrow Lindbergh
344000 Alastair Reynolds
343000 P. K. Page
343000 John Lutz
343000 Edith Nesbit
343000 Brian Carter
343000 Barbara Delinsky
343000 Arthur Hailey
342000 Glenn Cooper
342000 Charles de Lint
342000 Carly Phillips
340000 Judith Viorst
340000 Cees Nooteboom
340000 Betty Neels
339000 Tao Lin
339000 Patrick Hamilton
339000 Michael Swanwick
339000 Christina Dodd
338000 James Blish
337000 Peter Høeg
337000 John D. MacDonald
336000 Frédéric Bastiat
336000 Annie Jones
335000 Julian Hawthorne
334000 Lin Carter
334000 Joseph Mitchell
334000 Damon Knight
332000 Thomas Brezina
332000 Robert Peters
331000 Lauren Myracle
331000 Francesca Simon
330000 Robin McKinley
330000 Karen Robards
330000 Joan D. Vinge
329000 Nelly Sachs
329000 Charles Sheffield
328000 C. J. Cherryh
327000 Daniel H. Pink
326000 Simon Reeve
326000 Sandra Marton
326000 Dave Pelzer
325000 C. S. Forester
325000 Algis Budrys
324000 Mordecai Richler
324000 Franklin W. Dixon
324000 David Kessler
324000 Art Linkletter
324000 Alexandre Dumas, père
323000 John Jakes
323000 Daniel Handler
323000 Anne Mather
321000 Tom Sharpe
320000 Peter F. Hamilton
319000 R. Austin Freeman
319000 Philippe Delerm
319000 Len Deighton
319000 Jane Holland
317000 Kurt Vonnegut, Jr.
315000 Steven Brust
315000 Barbara Park
314000 William Peter Blatty
314000 Mary Jo Putney
314000 Howard Fast
312000 Pat Cadigan
312000 David Almond
311000 A. Merritt
310000 Vernor Vinge
310000 China Miéville
309000 Terry Carr
309000 Sharon Creech
309000 Kate Thompson
309000 Fred Saberhagen
309000 Barbara Hambly
307000 Margaret Murphy
306000 Ian Wallace
304000 Malorie Blackman
304000 Jean Plaidy
302000 George Zebrowski
302000 Fredric Brown
300000 Curzio Malaparte
299000 Spider Robinson
299000 Randall Garrett
299000 Maggie Shayne
299000 Catherine Fisher
297000 Peter Dickinson
297000 Clark Ashton Smith
296000 Armistead Maupin
295000 Nevil Shute
294000 Godfried Bomans
289000 Jan Karon
289000 Frank Daniel
287000 Karen Hawkins
286000 Denis Johnson
286000 Alex Ryan
285000 John Barth
285000 George Gissing
284000 Walker Percy
284000 Robert J. Sawyer
283000 Kat Martin
281000 Clifford D. Simak
279000 Hannah Howell
278000 Richard Kemp
277000 Wendy Holden
277000 Arthur Ransome
276000 A. N. Wilson
275000 W. E. B. Griffin
275000 Edmond Hamilton
275000 David Gerrold
275000 Brandon Wilson
274000 John Ostrander
273000 Norman Spinrad
273000 Eric Flint
272000 Joanna Russ
272000 Alex Kava
271000 Jamaica Kincaid
270000 Samuel R. Delany
270000 Lucius Shepard
270000 Hal Clement
270000 Anne Baker
267000 Jack McDevitt
266000 Kate Wilhelm
266000 Elizabeth Lowell
266000 Dennis Cooper
265000 Jenna Black
265000 Eva Ibbotson
264000 Scott O'Dell
263000 Avram Davidson
261000 Jilly Cooper
260000 Elle Kennedy
260000 Andrew Motion
259000 Kay Hooper
259000 Anne Brontë
258000 Ezra Jack Keats
257000 Teresa Medeiros
257000 Sean Covey
257000 Peter Carter
257000 Jon Cleary
257000 Jack Dann
257000 A. E. van Vogt
255000 Murray Leinster
254000 Elizabeth Harrison
253000 William Congreve
253000 Jennifer Echols
253000 Camil Petrescu
252000 Jo Beverley
252000 Georges Courteline
250000 John C. Wright
249000 Stuart Wilde
248000 Mohsin Hamid
247000 Sir Thomas Browne
247000 Lytton Strachey
247000 Julien Green
247000 Athol Fugard
246000 Leigh Brackett
245000 Wladimir Kaminer
244000 Keith Laumer
244000 Joel Chandler Harris
244000 Jack Finney
243000 Walter Brueggemann
243000 Mark Helprin
243000 Jack Miles
243000 Gail Carson Levine
243000 Connie Mason
243000 Carol Higgins Clark
242000 Robert Asprin
242000 August Derleth
241000 MaryJanice Davidson
240000 Calvin Trillin
239000 Steven Barnes
239000 Ron Roy
238000 Raymond Khoury
238000 Henry Kuttner
237000 Scott Shaw
237000 Katherine Kurtz
237000 Erskine Caldwell
235000 Robert C. O'Brien
235000 Deborah Ellis
234000 Nancy Farmer
233000 Vicki Lewis Thompson
233000 Marie Ferrarella
233000 Jon Fosse
233000 Clement Clarke Moore
231000 Anthony Boucher
230000 Sait Faik Abasıyanık
230000 Jerzy Kosinski
228000 Oliver Lodge
227000 S. M. Stirling
227000 Russell Hoban
226000 Rudy Rucker
225000 Bruce Coville
224000 Lawrence Watt-Evans
223000 Steve Alten
223000 Gustav Meyrink
222000 Lynn Toler
220000 Susan Andersen
220000 Raymond Feist
220000 Laura Numeroff
220000 Karen Traviss
220000 Hugh Lofting
220000 Howard Waldrop
218000 William Winter
218000 Greg Egan
218000 Alexandre Dumas, fils
214000 Lysander Spooner
212000 Suzanne Enoch
212000 Kathleen E. Woodiwiss
212000 Judith Krantz
212000 Jo Clayton
212000 Gordon R. Dickson
211000 Julian May
211000 Abraham Ortelius
210000 Marjorie Kinnan Rawlings
208000 Jean Le Rond d'Alembert
206000 L. Sprague de Camp
206000 Emilie Richards
206000 Cynthia Ozick
206000 André Franquin
205000 Laurent Gaudé
204000 Paul Muldoon
204000 Glen A. Larson
203000 Robert McCloskey
203000 Patricia Kay
203000 Octavia E. Butler
202000 John Taylor Gatto
202000 Anita Loos
200000 Robyn Donald
200000 Charlotte Lamb
200000 Barbara McMahon
200000 Anne McAllister
199000 Madame de La Fayette
199000 J.T. Ellison
199000 David Langford
199000 Bertrice Small
198000 Kenneth Oppel
198000 E. L. Konigsburg
198000 Day Leclaire
197000 Olaf Stapledon
197000 J. P. Martin
197000 Charles L. Grant
195000 William R. Forstchen
195000 Josephine Cox
195000 D. J. MacHale
194000 Norman Douglas
194000 Jerry Ordway
194000 Jacob Abbott
194000 Forrest J. Ackerman
194000 Carla Kelly
193000 Troy Denning
193000 Kenneth Goldsmith
193000 Ishmael Reed
193000 Christopher Paul Curtis
192000 William Ellery Channing
191000 Robert Charles Wilson
190000 Ben Marcus
189000 William Walker Atkinson
189000 John Sawyer
189000 Douglas Hill
189000 Dennis Wheatley
189000 Candace Camp
188000 Patricia MacLachlan
188000 Agota Kristof
187000 Stacey Levine
187000 Peter Abelard
186000 Steve Erickson
186000 Jean Craighead George
185000 Stephen Dixon
185000 Harry Browne
185000 Charles Beaumont
183000 Jean Auel
183000 Jane Feather
183000 Iris Chang
183000 Frances Burney
183000 Andrew Vachss
182000 Norton Juster
182000 Ken MacLeod
182000 Alev Alatlı
181000 Anna Jacobs
180000 Rumer Godden
178000 Gene Stratton Porter
177000 Ron Goulart
177000 Marguerite Henry
177000 Hugo Gernsback
176000 Peter Härtling
176000 LaVyrle Spencer
175000 Philip José Farmer
175000 Margery Williams
175000 Caroline B. Cooney
174000 Yoshiyuki Tomino
174000 Terry Southern
173000 Onat Kutlar
173000 Nevada Barr
173000 Marcia Brown
173000 Bill Peet
173000 Belva Plain
173000 Ahmet Hamdi Tanpinar
173000 Aaron Allston
172000 Virginia Henley
172000 Michael A. Stackpole
172000 Lynne Reid Banks
172000 James Oliver Curwood
172000 Hubert Selby Jr.
171000 Walter Jon Williams
171000 Sarah Holland
171000 Kate Grenville
171000 Ignacy Krasicki
170000 Grace Livingston Hill
170000 Enis Batur
168000 Shannon Drake
168000 Liz Carlyle
168000 John Creasey
168000 Jean de Brunhoff
168000 Cordwainer Smith
167000 Conrad Aiken
164000 M. John Harrison
164000 James Tiptree, Jr
163000 Terry Bisson
163000 Anita Brookner
162000 Celeste Ng
161000 William Gaddis
161000 Caroline Fleming
160000 Joan Johnston
160000 Barbara Pym
159000 Karen Hesse
157000 Saadat Hasan Manto
157000 James Branch Cabell
156000 Jerry Pinkney
156000 Andrew Greeley
155000 Rosemary Rogers
155000 Jodi Thomas
154000 Will Shetterly
153000 Thomas M. Disch
153000 Lawrence Scott
153000 Eileen Wilks
152000 Zenna Henderson
152000 Louis Bromfield
150000 Paula Danziger
150000 Lester del Rey
150000 Ian Frazier
150000 C. L. Moore
149000 Richard Manning
149000 Patricia C. Wrede
149000 Elizabeth Thornton
149000 Ann-Marie MacDonald
148000 Lester Dent
148000 Gayle Lynds
147000 Steve Almond
147000 Richmal Crompton
147000 Rebecca York
147000 Celia Rees
147000 Bernhard Grzimek
146000 Reginald Bretnor
146000 Karyn Monk
145000 Ruth Hamilton
145000 Pamela Sargent
145000 Leigh Michaels
145000 Kate Douglas Wiggin
145000 Francis Ray
145000 Allen Steele
145000 Al Sarrantonio
144000 Mariah Stewart
144000 Héctor Abad Faciolince
144000 Edwin A. Abbott
144000 Barry Gifford
143000 Richard Zimler
143000 Dag Solstad
143000 Brian Glover
143000 Angus Wilson
143000 Ahmet Vefik Paşa
142000 Diana Morgan
141000 Rudolfo Anaya
141000 Marcel Ayme
141000 Lynn Abbey
140000 Hendrik Willem van Loon
140000 Dorothy Wordsworth
140000 Barbara Sher
139000 René Barjavel
139000 Gillian Cross
139000 David Vernon
138000 K. A. Applegate
138000 Andrea Kane
137000 William F. Nolan
137000 Karen Rose Smith
137000 Dean Ing
136000 Qiu Xiaolong
136000 Brian Daley
134000 Pat O'Shea
134000 Gail Godwin
134000 Elmer Kelton
133000 Caryl Phillips
132000 William Kent Krueger
132000 Les Roberts
132000 James Brock
131000 Owen King
131000 Gina Wilkins
130000 Sabine Baring-Gould
130000 James P. Hogan
130000 Aidan Chambers
129000 Nuruddin Farah
129000 Lori Copeland
128000 John Newbery
128000 E. Lynn Harris
128000 Carolyn Cooper
128000 Adele Parks
127000 Stephen R. Lawhead
127000 Kage Baker
127000 Jill Barnett
127000 Connie Brockway
127000 Charlotte Zolotow
127000 Carole Nelson Douglas
126000 Germano Almeida
126000 Chuck Black
125000 Munro Leaf
125000 Liz Kessler
125000 Katherine Stone
125000 Johann Gottfried von Herder
125000 Clive Sinclair
125000 Anya Seton
124000 Barry Malzberg
123000 Lynn Kurland
123000 Janelle Taylor
123000 Christie Ridgway
122000 John Maxwell Coetzee
121000 Sebastian Haffner
121000 R. A. Lafferty
121000 K. W. Jeter
121000 John C. Dvorak
121000 Betty MacDonald
120000 William Tenn
120000 Michael Shaara
120000 Mary Gentle
120000 Laura Matthews
120000 Christopher Stasheff
120000 Ajmal Khattak
119000 Martha Wells
119000 Amanda Craig
118000 Kai Zen
118000 K. M. Munshi
118000 Juan Benet
118000 Jacqueline Diamond
118000 Cassie Edwards
117000 Susan Wittig Albert
117000 S. J. Rozan
117000 Mack Reynolds
117000 Jacob and Wilhelm Grimm
116000 W. Richard Stevens
116000 Douglas Reeman
116000 Charles Brockden Brown
115000 Robert Menasse
115000 Richard Montanari
115000 Nancy John
115000 Montague Summers
115000 Judith Michael
115000 George Alec Effinger
115000 Elizabeth Bevarly
115000 David Gauthier
114000 Pedro Juan Gutiérrez
113000 Kay Boyle
113000 Allen Say
112000 Susan Krinard
112000 Edward Gibson
112000 Agustín Yáñez
111000 Virginia Lee Burton
111000 Trenton Lee Stewart
111000 Roger MacBride Allen
111000 Mary Doria Russell
111000 John Sladek
111000 Bruno Frank
109000 Daniel Pinkwater
108000 Paul Levinson
108000 Judith Merril
108000 Isobelle Carmody
108000 C. E. Murphy
107000 Thomas B. Allen
107000 Jill Paton Walsh
107000 Jane Urquhart
107000 Herman Charles Bosman
107000 Annette Broadrick
106000 Kate Lace
106000 James Kelman
106000 Chris Flynn
106000 Bryan Burrough
105000 Thomas Fink
105000 Ted Chiang
105000 Tabitha King
105000 Susan Coolidge
105000 Stanley Schmidt
105000 Amelia Atwater-Rhodes
104000 Suzanne Robinson
104000 Mary Mapes Dodge
103000 Thomas D. Clark
103000 John Bellairs
103000 Frank R. Stockton
103000 Francis Durbridge
103000 Catherine Asaro
102000 Wilson Tucker
102000 William H. Gass
102000 Patricia Gaffney
102000 Emily Hahn
102000 Dennis Kennedy
101000 W. P. Kinsella
101000 Norman Collins
101000 Mark Clifton
101000 Carola Dunn
101000 Borislav Pekić
101000 Barbara Michaels
99900 Yevgeny Zamyatin
99900 Charlotte MacLeod
99200 Philippa Carr
98600 Theodore H. White
98500 Cathy Gillen Thacker
97400 Enid Bagnold
97300 Andrea Barrett
97100 John Dalmas
97000 Earl Derr Biggers
96700 Elizabeth Jane Howard
96600 Dan Roodt
96500 Jack L. Chalker
96300 Pamela Dean
96100 Simon Lake
95800 Donald J. Sobol
94600 Alexei Panshin
94400 John Edgar Wideman
94400 Buchi Emecheta
93700 David Markson
93500 Yusuf Akcura
93500 Robert Thurston
93200 Angela Elwell Hunt
91800 Louise Bagshawe
91400 L. E. Modesitt, Jr.
91200 Jean Lorrah
91100 Lee Spence
90900 Peter Pohl
90900 Jerry Ahern
90700 Roger Elwood
90600 James Bateman
90400 Milorad Pavić
90300 Charles Pierre Baudelaire
90100 Marilyn Singer
90000 Jeanne-Marie Leprince de Beaumont
89500 E.J. Montini
89500 E. Annie Proulx
89200 Wayne Ray
88300 Jeffrey Carver
88300 Damien Broderick
88000 Rochelle Alers
87800 Joan Wolf
87800 Christopher Bird
87400 Howard Norman
87300 Pamela Wallace
87000 Ruth Owen
86700 Susan Sizemore
86500 Dorothy Garlock
86400 Christopher Hinz
86300 Patricia Wrightson
86200 Marion Chesney
85900 Mark Kemp
85900 Janaki Ram
85800 Annie Groves
85500 Pat Warren
85500 Alicia Scott
84500 Kathleen Eagle
84100 Elizabeth Buchan
83600 George Clayton Johnson
83200 Ron Silliman
83200 Frank Yerby
83200 Ann Turnbull
83000 Lucy A. Snyder
82900 Leo Africanus
82600 Eric Frank Russell
82300 Paul Preuss
82000 Walter M. Miller, Jr.
81300 Deb Baker
81300 David Anthony Durham
81100 Walter Tevis
81100 Lou Harry
80800 Dixie Browning
80700 Lisa Appignanesi
80200 Walid Soliman
80000 Steve Rasnic Tem
79100 Jeff Noon
79000 William H. Armstrong
78900 Helen Cresswell
78800 C. S. Friedman
78700 R. Scott Bakker
78500 Fanny Fern
78400 Robin Schone
78400 John Stroud
77900 Meagan McKinney
77900 Al Purdy
77800 Sarah Zettel
77200 Ethel Turner
77100 Shirley Hazzard
76900 Jillian Hunter
76600 Joseph Joffo
76300 James Bovard
75800 Kate Klise
75400 Joan Slonczewski
75300 Jasmine Cresswell
75200 David Wingrove
74700 Rosemary Edghill
74700 Don Herold
74600 Johanna Sinisalo
74400 E. J. Pratt
74400 Christopher Rowley
74000 Blue Balliett
73600 L. Neil Smith
73400 Mark Tompkins
73400 Donald A. Wollheim
72800 Jenny Oldfield
72500 Havank
72200 Ken Grimwood
71700 David Zindell
71600 William Ralph Inge
71600 H.L. Gold
71500 Suzette Haden Elgin
71500 Ruth Ryan Langan
71300 Jenny Uglow
71200 Michele Bardsley
71200 Kate Cary
71200 Janwillem van de Wetering
71200 Barbara G. Walker
71100 Apostolos Doxiadis
71000 Damian Conway
70500 Eugene Sledge
70400 Biyi Bandele
70100 Nigel Tranter
70100 Angus Donald
70100 Abdelkrim al-Khattabi
70000 Kathryn Ptacek
70000 Arnette Lamb
69900 Miranda Jarrett
69700 Kathryn Ptacek
69500 Esther Forbes
69000 Ward Moore
68900 Zilpha Keatley Snyder
68900 Robert F. Young
68900 Jessica Zafra
68800 Faith Baldwin
68800 Doug Beason
68700 Daniil Kharms
68500 Said Achtouk
68400 Karen Anders
68100 Alfred Lansing
67600 Christina Paul
67600 André Aciman
66800 Sally Beauman
66400 Enheduanna
66400 Claire Rayner
66200 Thomas DiLorenzo
65700 Charlotte Bingham
65700 Alexandra Sokoloff
65600 Catherine Webb
65500 Wallace West
65300 Elliot Paul
65200 Peride Celal
65100 Robert Abernathy
64800 Margaret St. Clair
64500 Katherine Maclean
64500 Caroline Paul
64400 Niyi Osundare
64100 Marc Abrahams
64100 Helmut Krausser
64100 Bernard Waber
63900 Robyn Scott
63800 Daniel Terdiman
63600 Stuart Dybek
63500 Sarah Singleton
63500 Otto Maria Carpeaux
63300 Patrick Tilley
63100 Elizabeth Keckley
63000 Anne Manning
62900 Catherine Gaskin
62600 Allen French
62300 Alex Stuart
62100 Jennifer Archer
62000 Elinor Lipman
61900 William Heinesen
61900 Thomas Nixon
61800 Darko Macan
61700 John Gibson Lockhart
61300 Rebecca Sinclair
61100 Tom Terry
61000 Giles Kristian
61000 Fred Gipson
60700 Renee Roszel
60600 Jerome Bixby
60200 Diane Pearson
60000 Thom Jones
59900 Judith Gould
59900 Heather Graham Pozzessere
59500 Alan E. Nourse
59100 Elizabeth Enright
58900 James P. Blaylock
58800 Nicholas Fisk
58600 Roberta Gellis
58300 Nancy Taylor Rosenberg
58100 Charles Pellegrino
58100 A. Bertram Chandler
58000 Geoffrey Grigson
58000 Caroline Harvey
57700 Kathleen Winsor
57300 Romesh Gunesekera
56900 Jacques Poulin
56900 Ernest Haycox
56800 Jill Marie Landis
56800 Jerry Sohl
56800 Chet Raymo
56600 Adelle Davis
56500 Carol Matas
56200 Eliot Pattison
56200 Ashley French
56000 William Sleator
55800 Jon Courtenay Grimwood
55500 Denise Robins
55300 Sheila Burnford
55100 Paul J. McAuley
55100 Kathy Tyers
54600 Wayne Federman
54600 Lizzie Velásquez
54500 Abby Gaines
54300 Rene Villanueva
54000 James H. Schmitz
54000 Andrew Mango
53800 Rosa Guy
53800 Ian R. MacLeod
53700 ZZ Packer
53700 Somtow Sucharitkul
53500 Helen Bannerman
53400 David Hackworth
53300 V.A. Stuart
53300 Millosh Gjergj Nikolla
53200 Gwyneth Rees
52900 Jack Womack
52800 Mo Foster
52800 Edgar Pangborn
52700 Linda O. Johnston
52600 Paula Byrne
52500 Ruth Jean Dale
52400 Ann Bannon
52200 Tom Reamy
52200 Michael Kenyon
52200 Jo Barrett
52100 Wayne Thomas Batson
51900 Robert Newton Peck
51900 Jean Edward Smith
51800 Kenzaburō Ōe
51500 Allan W. Eckert
51100 Mark Lindquist
51100 Andrea Cagan
51000 Rudolph Wurlitzer
51000 H. R. Williams
50900 Robert Priest
50800 Darin Strauss
50200 Julie Elizabeth Leto
50100 Tom Godwin
50100 Jennifer Wilde
50100 Alfred Aho
49900 Ronald Firbank
49900 Earl Lovelace
49800 Judith Pella
49400 Linda Nagata
49100 Ryūnosuke Akutagawa
48500 Threes Anna
48400 Michael Z. Williamson
48100 Laurence Manning
47900 Roberto Quaglia
47800 Marguerite de Angeli
47700 Rhoda Broughton
47700 Dougie Brimson
47500 David D. Friedman
47400 Joel Shepherd
47400 Gabriel Okara
47300 Penelope Williamson
47100 John S. C. Abbott
47000 Essie Summers
46700 Stanley G. Weinbaum
46700 John D. Fitzgerald
46400 David Graham Phillips
46300 Irving Johnson
45900 Sam Moskowitz
45600 Patricia Grasso
45500 Władysław Tatarkiewicz
45500 Tom Spanbauer
45500 Lynne Barrett
45400 Charlotte Vale Allen
45200 Sergio Troncoso
45100 D. F. Jones
44900 Anatole Broyard
44700 Pierre Beaumarchais
44600 Phyllis Gotlieb
44500 Kōbō Abe
44400 Arthur Osborne
44400 Alexander Masters
44300 Jan Axelson
44200 Dornford Yates
44100 Margot Early
44000 Alfred John Church
43800 Raymond F. Jones
43700 Will Cuppy
43600 Meg Waite Clayton
43400 Christopher Anvil
43300 Anthony Buckeridge
43200 Lionel Fenn
42900 Randall Kenan
42700 Helen Forrester
42200 Douglas S. Freeman
42000 Peter Blauner
41800 Sir Walter Besant
41400 Geoffrey Trease
41300 Nick Sagan
41300 Lynda Page
41300 George O. Smith
41300 Anna Kavan
41100 Jhaverchand Meghani
41000 Patricia Maxwell
41000 Henry Hart Milman
40900 Muhammad Ibn al-Habib
40800 Edwin E. Smith
40700 Daniel F. Galouye
40400 Penelope Farmer
40300 Claudia Dain
40300 Bruce Holland Rogers
40200 Brenda Hiatt
40200 Abdulrazak Gurnah
40100 Barbara Dawson Smith
40000 Lena Kennedy
39800 Eloise Jarvis McGraw
39700 Mary Cholmondeley
39600 Frederick Rolfe
39600 Armstrong Sperry
39500 Kathleen Baldwin
39500 Anu Garg
39200 Stanley Booth
38500 Katherine Sutcliffe
38500 Henry Kingsley
38500 Bryant H. McGill
38400 Dejan Stojanović
38300 Maureen F. McHugh
37600 Sandra Kitt
37600 Mohammed Ben Brahim
37400 Robert L. Forward
37400 Frederick Nolan
37400 Dafydd ab Hugh
37400 Cory Panshin
37300 Arthur Bradford
37100 Nirad C. Chaudhuri
37000 Leslie McFarlane
37000 Janusz A. Zajdel
36900 Judith Ivory
36800 Ivan Southall
36700 Jeanne Wakatsuki Houston
36700 Charles Harness
36600 Richard Lockridge
36500 Simon Ings
36500 Dave Crenshaw
36500 Antonio de Trueba
36400 Thomas N. Scortia
36400 Arlo Bates
36300 Iris Gower
36200 Sheila Holland
36200 Geralyn Dawson
36100 Hanne Blank
35700 Janette Turner Hospital
35700 Charles Chilton
35600 Sergey Lukyanenko
35500 Ola Rotimi
35500 Alice Fulton
35400 Theresa Weir
35300 Hayford Peirce
35100 Malcolm Saville
35000 Melinda Wright
34900 Steve Augarde
34600 Pauline Melville
34400 Gerina Dunwich
34400 Cyril M. Kornbluth
34300 John Taine
34300 Chris Culver
34200 Delia Parr
34100 Ömer Sevinçgül
34000 Andrew Crumey
33700 Roland C. Wagner
33700 Doris Piserchia
33500 Xue Xinran
33400 Steve Rizzo
33400 Nicholas Kulish
33400 Emmanuel Dongala
33300 Denton Welch
33300 Burton Silver
33000 Jessie Chandler
33000 Henry Treece
32900 Shiva Naipaul
32700 Mary Bly
32600 Simon Cheshire
32600 Pauline Clarke
32300 William K. Hartmann
32200 Steven D. Waldman
32200 Kira Peikoff
32100 Nick Catalano
31800 Iris Rainer Dart
31700 Shelley Tanaka
31700 Ahmed Benchemsi
31600 Milton Abramowitz
31600 Gary Shipman
31600 Eleanor Cameron
31500 Kenneth Walton
31200 Groff Conklin
31100 Lynne Rae Perkins
31000 Jeri Westerson
30900 Pamela Travers
30900 Eando Binder
30800 Jan Narveson
30800 Edward Jablonski
30700 Alan Downs
30500 James Alan Gardner
30200 Wallace Breem
30100 James Ramsey Ullman
30000 Gladys Taber
29900 Amit Offir
29800 Richard Elliott Friedman
29400 Richard Maybury
29400 Peter Corey
29300 Lucia St. Clair Robson
29200 Paul Guimard
29100 August Blanche
29000 Francesca Wright
29000 Barry B. Longyear
28900 Dorothy Hewett
28900 Claire Lorrimer
28800 Julian Rathbone
28800 Janet Asimov
28800 Burl Barer
28700 Richard Paul Russo
28700 Anurag Anand
28600 Jacqueline Lichtenberg
28600 Fred Mustard Stewart
28500 Deb Marlowe
28400 Rennie Davis
28300 Lucy M. Boston
28000 Rick Law
27900 Jeffrey Guterman
27900 David Feintuch
27800 Sarojini Sahoo
27800 Ram Sharan Sharma
27800 Harold Norse
27700 Rossiter Johnson
27700 K. D. Wentworth
27600 Mary Hallock Foote
27500 Gerald A. Browne
27400 Colin Kapp
27300 Millie Criswell
27300 Hardie Gramatky
27300 Geoffrey Landis
27200 Karen Platt
27200 James Robert Baker
27200 Edward Blishen
26600 Laurel O'Donnell
26500 Sharon Pollock
26300 Peter Danielson
26200 Stephen T. Chang
26200 Harriet Gray
25900 Barbara Levick
25800 Shūsaku Endō
25800 P. Schuyler Miller
25800 Amanda Filipacchi
25700 Ibn Bajjah
25600 Eugene Jolas
25500 Jose Dalisay, Jr.
25500 Denys Cazet
25400 David Lassman
25300 Lawrence Riley
24900 Ed Hooper
24600 Michael O. Tunnell
24400 Richard Michelson
24400 Merrill Jensen
24400 Jane Leslie Conly
24400 Donna Milner
24400 Deborah Todd
24300 Matthew Stadler
24300 Kwei Quartey
24300 Jill March
24200 Lionel Curtis
24200 Jill Christian
24200 Geoffrey Marsh
24200 Debra Weinstein
24100 Uma Krishnaswami
24100 Jacob M. Appel
23900 Raymond Fraser
23900 Mohammed Benzakour
23900 May McGoldrick
23900 Kimmo Lehtonen
23700 Jack Lait
23700 Franco Mimmi
23100 Rakel Helmsdal
23100 George Lippard
22900 Max Crawford
22700 Shirl Henke
22500 Josie Dew
22400 Fitz Hugh Ludlow
22400 Caroline Courtney
22300 Julio Carreras
22200 T. R. Pearson
22200 Marc MacYoung
22200 Cristina Marcano
22100 William Stearns Davis
22100 Gisela Elsner
22000 Mary Ruwart
21900 Robert McAlmon
21800 Maris Soule
21800 Lee Duran
21500 Brian Callison
21400 Mark Roeder
21100 Mohammed Bennis
21100 Henry Hasse
20900 Joanne Stepaniak
20800 Rosie Malek-Yonan
20800 Kristi Brooks
20800 Brian Cleeve
20800 Brandon Mendelson
20700 Donald J. Wheeler
20400 Kevin Prufer
20100 Ruth Frances Long
20000 Françoise de Graffigny
19900 Roy Heath
19900 John R. Tunis
19900 Frederick Philip Grove
19800 Patricia Robins
19800 Douglas E. Wright
19700 Raymond Z. Gallun
19700 Anthony Neil Smith
19600 Eleanor Hallowell Abbott
19400 William J. Whalen
19400 Paul Berna
19200 Minae Mizumura
19200 Denys Watkins-Pitchford
19100 Pam Withers
18900 Ross Rocklynne
18800 Raymond A. Palmer
18700 Ross Laidlaw
18400 Deborah Mathis
18400 Daniel Poliquin
18100 Horace Bell
18000 Randall Frakes
18000 Daniel Keys Moran
17800 Stephen Birnbaum
17700 K. Sello Duiker
17600 Alireza Jafarzadeh
17500 Marvin Kitman
17500 Harry Lawton
17500 Edwin Waugh
17400 Ellis Amburn
17300 Michal Šanda
17300 Alexander Shirvanzade
17200 Julia Kane
17200 Constance Heaven
17200 Ali Bourequat
17100 Ginny Rorby
17100 Elisabeth Ogilvie
17000 Vivian Stuart
17000 Ibn Juzayy
16900 William Shunn
16900 Serena B. Miller
16800 Donald Moffitt
16700 Emma Helen Blair
16700 Duncan Lunan
16600 Shanna Hogan
16600 Ahmad Ibn al-Qadi
16400 Len Peterson
16300 Donald Grant Mitchell
16300 Diana Blayne
16200 Richard S. Shaver
16200 M. E. Atkinson
16200 Jane Louise Curry
16200 Ahmad ibn Ajiba
16100 Wilton Barnhardt
16100 Kenneth S. Deffeyes
16000 Peter Lourie
15700 Stanton A. Coblentz
15600 William Stuart Long
15600 Tony Rothman
15600 TA Sullivan
15600 Abdelmajid Benjelloun
15500 Sharron McClellan
15500 Joseph Alexander Altsheler
15500 Dennis Lynds
15500 Catharine Sedgwick
15200 Harry de Windt
15100 Frank L. Holt
15100 Don Bendell
15100 Constance O'Day-Flannery
15000 William F. Temple
15000 Harriet Doerr
14900 Joan Phipson
14900 Jan Marcussen
14600 Melanie Rae Thon
14600 Lawrence Shainberg
14600 James Russell Miller
14600 Fulvio Melia
14600 Allison Hedge Coke
14500 Meriol Trevor
14400 Rina Brundu
14400 Nelson S. Bond
14300 T. J. Bass
14300 Neel Doff
14300 Abe Goldstein
14200 Bronwen Wallace
14000 Hubert Kennedy
14000 Dary Matera
13900 Leila Abouzeid
13800 Lori L. Lake
13800 Laura Jean Libbey
13700 Mordecai Roshwald
13600 Timothy Fish
13300 Sheila Coates
13100 Rick Bayan
12900 Stella March
12900 Michael Wiesenberg
12900 Hans Aanrud
12900 Brenda Clough
12700 Robert Zend
12600 William Pène du Bois
12600 R.C. Hutchinson
12500 Marek Oramus
12500 Elsie J. Oxenham
12300 Eleanor Burford
12200 Ross Lockridge, Jr.
12200 Rachel Zadok
12200 Nancy Buckingham
12200 Abel Pardo
12000 Isaac Alfasi
12000 Alamgir Hashmi
11700 Joseph Bathanti
11700 Indra Bahadur Rai
11600 George F. Ellis
11500 Phaswane Mpe
11500 Nat Schachner
11500 Kama Sywor Kamanda
11400 Sandra Scofield
11400 Dunash ben Labrat
11300 George John Whyte-Melville
11200 Peter Schechter
11100 Vincent Brome
11000 Tony Barrell
10900 Mary Treadgold
10900 Margaret Bechard
10900 Fiona Finlay
10700 Kari-Lynn Winters
10600 Olga Nolla
10500 William Upski Wimsatt
10500 Paul Marlowe
10500 Jessica Gregson
10500 Hans Herbjørnsrud
10500 Evelyn Ward Everett-Green
10500 Antonia Forest
10400 Leonard Kip
10400 Herbert L. Becker
10300 Wolfgang W.E. Samuel
10200 Todhunter Ballard
10200 James Hearst
10200 Eleanor Spence
10100 Tamar Yellin
10100 Heðin Brú
9990 Clement Wilson
9930 Jean-Paul Crespelle
9920 Evelyn Whitaker
9810 Suzanne Lieurance
9780 Lisa Tolliver
9720 Eric J Barnes
9600 Timothy Holme
9580 Sarah Burney
9560 Leo Margulies
9540 Sylvia Thorpe
9480 Esther Bendahan
9410 William Roger Paton
9350 Louis C. Hunter
9340 Izya Shlosberg
9320 Terry W. Burns
9320 Richard Forno
9250 Luiz Duarte da Rocha
9240 Hester Burton
9210 James Francis Cooke
9120 Mirza Adeeb
9080 Ernesto Quiñonez
9050 Cork Graham
8960 Charles E. Silberman
8890 Caroline Vernon
8880 Ken Kuhlken
8860 James Sites
8840 Delilah L. Beasley
8640 James Clancy Phelan
8620 Adam Wiśniewski-Snerg
8580 Marie-Elena John
8520 Agnes Herbert
8350 John Skoyles
8310 Boris and Arkady Strugatsky
8310 Betty Berzon
8280 Ellalice Tate
8220 Martin Ebbertz
8200 Ray Buttigieg
8120 Ibn Idhari
8110 Laurence Janifer
8030 Jean Overton Fuller
8020 Anne Rudloe
7970 Albrecht Behmel
7920 Benjamin Sehene
7910 Robert Citino
7900 Sinikka Laine
7900 Kathleen Kellow
7890 Edmund Leamy
7870 Christopher Kasparek
7820 Hasan Bülent Paksoy
7800 Srđan Srdić
7800 Elbur Ford
7750 Will C. Barnes
7690 Kathryn H. Kidd
7690 Ahmed ibn Nasir
7680 Mohammed Ibn Amr
7540 Isaac Pardo
7530 Jovica Tasevski-Eternijan
7480 Lydia Hitchcock
7410 Xavier Waterkeyn
7410 Ibn Ghazi al-Miknasi
7340 Mark Budman
7330 Christopher Abani
7180 Miha Remec
7150 José Luis Rodríguez Pitti
7100 Jack C. Haldeman II
7080 Laarbi Batma
7010 Mohammed Achaari
7000 Marcus J. Goldman
6970 Ilkka Tuomi
6910 David Scott Daniell
6890 Pawlu Aquilina
6890 Barbara C. Freeman
6840 A. N. Prahlada Rao
6810 Bruce Barrymore Halpenny
6660 Susan Clymer
6460 Tanwir Phool
6390 Mark S. Geston
6390 Andrew Murray Scott
6290 Susan Bulkeley Butler
6270 Marguerite Hamilton
6250 Tad Waddington
6190 Robyn Stuart
6150 Ibn Abi Zar
6130 Anna Percival
6060 Joshua Ozersky
6040 Wyman Guin
6030 Gabriella De Ferrari
6000 Alice Chetwynd Ley
5960 Hakim Syed Zillur Rahman
5920 Clare Cavendish
5840 Ralph Chubb
5830 Phil Janes
5680 C. M. Eddy, Jr.
5670 P.J. Brooke
5640 Bayo Ojikutu
5520 Katy Currie
5440 Siham Benchekroun
5440 Gerard Windsor
5400 Jeffrey E. Barlough
5370 Louis Émond
5260 Alexander Aaronsohn
5220 Maja Apostoloska
5170 Hilary London
5120 Rafal A. Ziemkiewicz
5110 Rajae Benchemsi
5060 Margaret Marshall Saunders
5060 Ahmad ibn Idris al-Fasi
5030 Dutch Rhudy
5020 Jon Haylett
5000 William Gershom Collingwood
4970 Kirstin Thompson
4960 Ethel Pedley
4930 ArLynn Leiber Presser
4920 Michael Szameit
4860 T.L. Sherred
4800 Esther Delisle
4800 Elgin Groseclose
4720 R. Foster Winans
4720 Kurt Boone
4610 Alexis A. Gilliland
4600 Kieron Connolly
4590 Wendy Coakley-Thompson
4580 Togara Muzanenhamo
4560 Nathalie Gassel
4530 Ranj Dhaliwal
4460 Ibn al-Banna al-Marrakushi
4410 Ali ibn al-Qattan
4390 M. F. Korn
4370 Daniel C. Juster
4330 Veli Karahoda
4220 Jeffrey A. Nesbit
4200 Rajender Sethi
4100 Mohammed ibn Tumart
4060 Alasdair Alpin MacGregor
4020 Angie Chabram-Dernersesian
3940 Emily Colas
3870 Tewfik Allal
3850 Sharon Tregenza
3850 Saurabh Dudeja
3840 Grazyna Miller
3840 Anne Rouen
3770 Michael Alfred Peszke
3720 Marjun Syderbø Kjelnæs
3710 Allan R. Bosworth
3670 Birbal Jha
3660 Birbal Jha
3650 Walter Scott Story
3620 Ibn al-Yasamin
3610 Christina Abbey
3600 Ahmed Bouzfour
3510 Abdeslam Ben Mchich
3500 Lavinia R. Davis
3470 Robert Anwood
3470 Nirpal Singh Dhaliwal
3440 Ted Plantos
3440 Andrej Amalrik
3420 Lawrence Jarach
3390 Mohammed al-Idrisi
3390 Harold Sonny Ladoo
3380 Zoe Cass
3340 Mildred Grieveson
3270 Lois Kleinsasser
3210 Mohammed ibn Hajj al-Abdari al-Fasi
3200 Ibn Shuayb
3190 Nicolaas Vergunst
3130 Johnny Lovewisdom
3120 Bhabananda Deka
3100 Harilal Upadhyay
3090 Norrey Ford
3080 Capt. S.P. Meek
2990 Edmund Snow Carpenter
2980 Victor Heck
2950 Erica Quest
2930 Satyabrata Rai Chowdhuri
2830 Perry T. Ryan
2800 Meralda Warren
2780 Libby Rees
2750 John Edward Jennings
2740 Amita Kanekar
2670 Mohammed Suerte Bennani
2660 Latifa Baka
2610 Thomas Toughill
2600 Frederick Sadleir Brereton
2580 Harriet Theresa Comstock
2530 Sachchidananda Hirananda Vatsyayana
2520 Jose Luis Rodriguez Pitti
2510 Javier Abril Espinoza
2470 Abd Allah ibn Azzuz
2430 Christopher Largen
2380 Hervey Hamilton
2340 Berechiah ha-Nakdan
2330 William Direen
2310 Mohammed ibn Rushayd
2310 Marianna Debes Dahl
2260 Abd as-Salam al-Alami
2250 Mac Sebree
2240 Yusuf Has Hajib
2240 Constance Fecher
2240 Anthony Faramus
2190 Tilly Armstrong
2190 George Frederick Abbott
2180 Leslie Bonnet
2170 Thomas Lindsay Buick
2170 Juan José Videgain
2140 Carlo "Collodi" Lorenzini
2120 Nerida Newton
2120 James V. Downton
2070 Ada Jafarey
2060 Kaddour El Alamy
2050 Aleksandar Ziljak
1960 Jacob Pardo
1940 Compton N. Crook
1930 Denise Chesterton
1900 Malik ibn al-Murahhal
1890 Lois Paxton
1890 Abd al-Qadir al-Fasi
1860 Khnata Bennouna
1850 Eugeniusz Zytomirski
1840 Susanna Roxman
1820 Abu al-Abbas al-Azafi
1800 Ibn Zaydan
1780 Qurratulain Haider
1770 Simcha Liberman
1750 Paul B. Lowney
1740 Arnab Jan Deka
1730 Rhoda Shipman
1730 Mohammed al-Abdari al-Hihi
1700 Ibn al-Wannan
1700 Holdemar Menezes
1690 Raphael H. Cohen
1680 Mohammed ibn Nasir
1670 Khwaja Muhammad Latif Ansari
1670 Damian Marrett
1660 Harold H. Carstens
1650 Abu Abdallah ibn Askar
1640 Robert Lissauer
1640 Peng Kiong Chou
1600 Christina Merlin
1580 Jimmy B. Bedford
1570 Susan S. Kyle
1570 Cardine Fleming
1540 Mohammed Akensus
1540 Abd al-Qadir ibn Shaqrun
1530 Tarik Gunersel
1530 Stevan Ognenovski
1530 Ali Azaykou
1520 Abu Imran al-Fasi
1510 Khnata bent Bakkar
1510 Guðrið Helmsdal
1490 Meshullam Feivush Heller
1480 Zillur Rahman John
1430 Mohammed ibn Idris al-Amrawi
1400 Hamdun ibn al-Hajj al-Fasi
1400 Friedrich Neznansky
1390 Ahmad ibn Munim al-Abdari
1380 Ibn al-Khabbaza
1370 William B. Ellern
1360 Ahmad al-Tayyeb Aldj
1320 Mohammed ibn Adjurrum
1290 Ronald James Marsh
1290 Kit Dealtry
1270 Leopold Hartley Grindon
1270 Alexandra Motschmann
1270 Abd al-Wahhab Adarrak
1260 Mor Altshuler
1260 Frederick Bert Vickers
1220 Ahmad ibn Hamdun ibn al-Hajj
1170 Judah ben Nissim
1150 Lisa Rose Apramian
1130 Benjamin Nottingham Webster
1120 William Bueller Seabrook
1110 Bilkisu Funtuwa
1030 Kirit Shelat
1030 Abu al-Abbas as-Sabti
1020 Edward Wyke Smith
1000 Bergtóra Hanusardóttir
997 Ismail ibn al-Ahmar
988 Mohammed al-Ifrani
983 Mohammed al-Arbi al-Fasi
972 Abu Muqri Mohammed al-Battiwi
963 Mohammed ibn Zakri al-Fasi
959 Tania Langley
948 Daphne Pochin Mould
932 Najiba Ahmad
919 Suzy Rice/Susan Elizabeth Rice
881 Idriss al-Amraoui
877 Abu Jafar ibn Atiyya
867 Mohammed ibn al-Tayyib al-Alami
840 Mohammed Awzal
820 Qadi Ayyad ben Moussa
816 Mohammed al-Tayyib ibn Kiran
789 Ali ibn Harzihim
746 David ben Abraham al-Fasi
738 Mohammed ibn Abd as-Salam ibn Nasir
726 Joseph Seamon Cotter, Sr.
722 Kathleen Clarice Groom
704 Eran Ben-Shahar
699 Augusten Xon Burroughs
675 Edward "Ted" Delaney
665 Abu Salim al-Ayyashi
658 Charles Hopel Brown
614 Martin Stanislaus Brennan
573 Mohammed al-Tawdi ibn Suda
558 Johanan Luria
514 Sophie Leyton
508 Mohammed al-Baydhaq
449 Meta Truscott
425 Idriss ibn al-Hassan al-Alami
420 Dorothy Mackie Low
413 Christian Walford
405 Zechariah Aghmati
380 Simeon Simev
370 Mohammed ibn Mohammed Alami
364 Mohammed ibn Qasim ibn Zakur
359 Josephine Clifford McCracken
338 Mrs. Riazuddin
326 Alexander Süsskind of Grodno
276 Abd al-Haqq al-Badisi
271 Garrison W. Wynn
163 Jacob Vita Pardo
138 Alasdair and Hettie Tayler
134 Jorge H. Queirolo
