#@colours
acid green
aero
aero blue
african violet
air force blue
alice blue
alizarin crimson
alloy orange
almond
amaranth
amaranth deep purple
amaranth pink
amaranth purple
amaranth red
amazon
amber
american rose
amethyst
android green
ao
apple green
apricot
aqua
aquamarine
arctic lime
army green
arsenic
artichoke
arylide yellow
ash grey
asparagus
atomic tangerine
auburn
aureolin
aurometalsaurus
avocado
azure
azure mist
azureish white
baker-miller pink
ball blue
banana mania
banana yellow
bangladesh green
barbie pink
barn red
battleship grey
bazaar
beau blue
beaver
beige
bisque
bistre
bitter lemon
bitter lime
bittersweet
black
black bean
black leather jacket
black olive
blanched almond
blast-off bronze
bleu de france
blizzard blue
blond
blue
blue bell
blue lagoon
blue sapphire
blue yonder
blue-gray
blue-green
blue-magenta violet
blue-violet
blueberry
bluebonnet
blush
bole
bondi blue
bone
bottle green
boysenberry
brandeis blue
brass
brick red
brink pink
british racing green
bronze
bronze yellow
brown
brown yellow
brown-nose
brunswick green
bubble gum
bubbles
bud green
buff
bulgarian rose
burgundy
burlywood
burnt orange
burnt sienna
burnt umber
byzantine
byzantium
cadet
cadet blue
cadet grey
cadmium green
cadmium orange
cadmium red
cadmium yellow
café au lait
café noir
cal poly green
cambridge blue
camel
cameo pink
camouflage green
canary yellow
candy apple red
candy pink
capri
caput mortuum
cardinal
caribbean green
carmine
carmine pink
carmine red
carnation pink
carnelian
carolina blue
carrot orange
castleton green
catalina blue
catawba
cedar chest
ceil
celadon
celadon blue
celadon green
celeste
celestial blue
cerise
cerise pink
cerulean
cerulean blue
cerulean frost
chamoisee
champagne
charcoal
charleston green
charm pink
chartreuse
cherry
cherry blossom pink
chestnut
china pink
china rose
chinese red
chinese violet
chocolate
chrome yellow
cinereous
cinnabar
cinnamon
citrine
citron
claret
classic rose
cobalt blue
cocoa brown
coconut
coffee
columbia blue
congo pink
cool black
cool grey
copper
copper penny
copper red
copper rose
coquelicot
coral
coral pink
coral red
cordovan
corn
cornell red
cornflower blue
cornsilk
cosmic latte
cotton candy
coyote brown
cream
crimson
crimson glory
crimson red
cyan
cyan azure
cyan cobalt blue
cyan cornflower blue
cyan-blue azure
cyber grape
cyber yellow
daffodil
dandelion
dartmouth green
davy's grey
deer
denim
desert
desert sand
desire
diamond
dim gray
dirt
dodger blue
dogwood rose
dollar bill
donkey brown
drab
duke blue
dust storm
dutch white
earth yellow
ebony
ecru
eerie black
eggplant
eggshell
egyptian blue
emerald
eminence
english green
english lavender
english red
english violet
eton blue
eucalyptus
fallow
falu red
fandango
fandango pink
fashion fuchsia
fawn
feldgrau
feldspar
fern green
ferrari red
field drab
fire engine red
firebrick
flame
flamingo pink
flavescent
floral white
fluorescent orange
fluorescent pink
fluorescent yellow
forest green
french beige
french bistre
french blue
french fuchsia
french lilac
french lime
french mauve
french pink
french plum
french puce
french raspberry
french rose
french sky blue
french violet
french wine
fresh air
fuchsia
fuchsia pink
fuchsia purple
fuchsia rose
fulvous
fuzzy wuzzy
gainsboro
gamboge
gamboge orange
generic viridian
ghost white
giants orange
ginger
glaucous
glitter
go green
gold
gold fusion
golden brown
golden poppy
golden yellow
goldenrod
granny smith apple
grape
gray
gray-asparagus
gray-blue
green
green-blue
green-cyan
green-yellow
grizzly
grullo
gunmetal
guppie green
halayà úbe
han blue
han purple
hansa yellow
harlequin
harlequin green
harvard crimson
harvest gold
heart gold
heliotrope
heliotrope gray
heliotrope magenta
hollywood cerise
honeydew
honolulu blue
hooker's green
hot magenta
hot pink
hunter green
iceberg
icterine
imperial
imperial blue
imperial purple
imperial red
inchworm
independence
india green
indian red
indian yellow
indigo
indigo dye
iris
irresistible
isabelline
islamic green
italian sky blue
ivory
jade
japanese carmine
japanese indigo
japanese violet
jasmine
jasper
jazzberry jam
jelly bean
jet
jonquil
jordy blue
june bud
jungle green
kelly green
kenyan copper
keppel
khaki
kobe
kobi
kobicha
kombu green
ku crimson
languid lavender
lapis lazuli
laser lemon
laurel green
lava
lavender
lavender blue
lavender blush
lavender gray
lavender indigo
lavender magenta
lavender mist
lavender pink
lavender purple
lavender rose
lawn green
lemon
lemon chiffon
lemon curry
lemon glacier
lemon lime
lemon meringue
lemon yellow
lenurple
liberty
licorice
lilac
lime
lime green
limerick
lincoln green
linen
lion
liseran purple
little boy blue
liver
liver chestnut
livid
lumber
macaroni and cheese
magenta
magenta haze
magenta-pink
magic mint
magnolia
maize
majorelle blue
malachite
manatee
mango tango
mantis
mardi gras
maroon
mauve
mauve taupe
mauvelous
may green
maya blue
meat brown
melon
mexican pink
midnight blue
midnight green
mikado yellow
mindaro
ming
mint
mint cream
mint green
misty rose
moccasin
mode beige
moonstone blue
moss green
mountain meadow
mountbatten pink
mughal green
mulberry
mustard
myrtle green
nadeshiko pink
napier green
naples yellow
navajo white
navy
navy purple
neon carrot
neon fuchsia
neon green
new car
new york pink
non-photo blue
nyanza
ochre
office green
old burgundy
old gold
old heliotrope
old lace
old lavender
old mauve
old moss green
old rose
old silver
olive
olive drab
olivine
onyx
opera mauve
orange
orange peel
orange-red
orchid
orchid pink
orioles orange
otter brown
ou crimson red
outer space
outrageous orange
oxford blue
pacific blue
pakistan green
palatinate blue
palatinate purple
pansy purple
paolo veronese green
papaya whip
paradise pink
paris green
patriarch
payne's grey
peach
peach puff
peach-orange
peach-yellow
pear
pearl
pearl aqua
pearly purple
peridot
periwinkle
persian blue
persian green
persian indigo
persian orange
persian pink
persian plum
persian red
persian rose
persimmon
peru
phlox
phthalo blue
phthalo green
picton blue
pictorial carmine
piggy pink
pine green
pineapple
pink
pink flamingo
pink lace
pink lavender
pink pearl
pink raspberry
pink sherbet
pink-orange
pistachio
platinum
plum
pomp and power
popstar
portland orange
powder blue
princeton orange
prune
prussian blue
psychedelic purple
puce
puce red
pullman brown
pullman green
pumpkin
purple
purple heart
purple navy
purple pizzazz
purple taupe
purpureus
quartz
queen blue
queen pink
quinacridone magenta
rackley
radical red
raisin black
rajah
raspberry
raspberry glace
raspberry pink
raspberry rose
raw sienna
raw umber
razzle dazzle rose
razzmatazz
razzmic berry
rebecca purple
red
red devil
red-brown
red-orange
red-purple
red-violet
redwood
regalia
resolution blue
rhythm
rifle green
roast coffee
robin egg blue
rocket metallic
roman silver
rose
rose bonbon
rose ebony
rose gold
rose madder
rose pink
rose quartz
rose red
rose taupe
rose vale
rosewood
rosso corsa
rosy brown
royal azure
royal blue
royal fuchsia
royal purple
royal yellow
ruber
rubine red
ruby
ruby red
ruddy
ruddy brown
ruddy pink
rufous
russet
russian green
russian violet
rust
rusty red
saddle brown
safety orange
safety yellow
saffron
sage
salmon
salmon pink
sand
sand dune
sandstorm
sandy brown
sandy taupe
sangria
sap green
sapphire
sapphire blue
satin sheen gold
scarlet
schauss pink
school bus yellow
sea blue
sea green
seal brown
seashell
selective yellow
sepia
shadow
shadow blue
shampoo
shamrock green
sheen green
shimmering blush
shocking pink
sienna
silver
silver chalice
silver lake blue
silver pink
silver sand
sinopia
skobeloff
sky blue
sky magenta
slate blue
slate gray
smalt
smitten
smoke
smoky black
smoky topaz
snow
soap
solid pink
sonic silver
space cadet
spanish bistre
spanish blue
spanish carmine
spanish crimson
spanish gray
spanish green
spanish orange
spanish pink
spanish red
spanish sky blue
spanish violet
spanish viridian
spartan crimson
spicy mix
spiro disco ball
spring bud
spring green
st. patrick's blue
star command blue
steel blue
steel pink
stil de grain yellow
stizza
stormcloud
straw
strawberry
sunglow
sunray
sunset
sunset orange
super pink
tan
tangelo
tangerine
tangerine yellow
tango pink
taupe
taupe gray
tea green
tea rose
teal
teal blue
teal deer
teal green
telemagenta
tenne
terra cotta
thistle
thulian pink
tickle me pink
tiffany blue
tiger's eye
timberwolf
titanium yellow
tomato
toolbox
topaz
tractor red
trolley grey
tropical rain forest
true blue
tufts blue
tulip
tumbleweed
turkish rose
turquoise
turquoise blue
turquoise green
tuscan
tuscan brown
tuscan red
tuscan tan
tuscany
twilight lavender
tyrian purple
ube
ultra pink
ultra red
ultramarine
ultramarine blue
umber
unbleached silk
united nations blue
up forest green
up maroon
upsdell red
urobilin
usafa blue
vanilla
vanilla ice
venetian red
verdigris
vermilion
veronica
violet
violet-blue
violet-red
viridian
viridian green
vista blue
volt
warm black
waterspout
wenge
wheat
white
white smoke
wild blue yonder
wild orchid
wild strawberry
wild watermelon
willpower orange
windsor tan
wine
wine dregs
wisteria
wood brown
xanadu
yale blue
yankees blue
yellow
yellow orange
yellow rose
yellow-green
zaffre
zinnwaldite brown
zomp
