#@countries
AAland Islands
Abkhazia
Afghanistan
Albania
Alderney
Algeria
Alsace-Lorraine
American Samoa
Andorra
Angola
Anguilla
Antarctica
Antarctic Treaty
Antigua and Barbuda
Arab Republic of Egypt
Argentina
Argentine Republic
Armenia
Aruba
Ascension Island
Australia
Austria
Azad Kashmir
Azerbaijan
Bahrain
Bailiwick of Guernsey
Bailiwick of Jersey
Bangladesh
Barbados
Belarus
Belgium
Belize
Benin
Bermuda
Bhutan
Bolivarian Republic of Venezuela
Bolivia
Bosnia
Bosnia and Herzegovina
Botswana
Bouvet Island
Brazil
British Antarctic Territory
British Crown Dependency
British Indian Ocean Territory
British Overseas Territory
British Virgin Islands
Brunei
Bulgaria
Burkina Faso
Burundi
Cambodia
Cameroon
Canada
Canary Islands
Cape Verde
Caribbean Netherlands
Cayman Islands
Central African Republic
Ceuta
Chad
Chile
China
Christmas Island
Clipperton Island
Cocos (Keeling) Islands
Colombia
Commonwealth of Australia
Commonwealth of Dominica
Commonwealth of Puerto Rico
Commonwealth of the Bahamas
Commonwealth within United States
Comoros
Congo
Congo Republic
Cook Islands
Co-operative Republic of Guyana
Corsica
Corsican Republic
Costa Rica
Croatia
Cuba
Curacao
Cyprus
Cyrenaica
Czechoslovakia
Czech Republic
Democratic People's Republic of Korea
Democratic Republic of Sao Tome and Principe
Democratic Republic of the Congo
Democratic Republic of Timor-Leste
Democratic Republic of Vietnam
Democratic Socialist Republic of Sri Lanka
Denmark
Dependency of Norway
Diego Garcia
Djibouti
Dominica
Dominican Republic
Eastern Republic of Uruguay
East Germany
Ecuador
Egypt
El Salvador
Equatorial Guinea
Eritrea
Estonia
Ethiopia
Falkland Islands
Faroe Islands
Federal Democratic Republic of Ethiopia
Federal Democratic Republic of Nepal
Federal Republic of Germany
Federal Republic of Nigeria
Federal Republic of Somalia
Federated States of Micronesia
Federation of Saint Christopher and Nevis
Federative Republic of Brazil
Fiji
Finland
France
French Overseas Collectivity
French Overseas Territory
French Polynesia
French Republic
French Southern and Antarctic Lands
Gabon
Gabonese Republic
Georgia
German Democratic Republic
Germany
Ghana
Gibraltar
Grand Duchy of Luxembourg
Greece
Greenland
Grenada
Guadeloupe
Guam
Guatemala
Guernsey
Guiana
Guinea
Guinea-Bissau
Guyana
Haiti
Hashemite Kingdom of Jordan
Heard Island and McDonald Islands
Hellenic Republic
Herm
Holy Roman Empire
Honduras
Hong Kong
Hungary
Iceland
Imperial Territory of Alsace-Lorraine
Independent State of Papua New Guinea
Independent State of Samoa
India
Indonesia
Iran
Iraq
Ireland
Islamic Republic of Afghanistan
Islamic Republic of Iran
Islamic Republic of Mauritania
Islamic Republic of Pakistan
Isle of Man
Israel
Italian Republic
Italy
Ivory Coast
Jamaica
Jan Mayen
Japan
Jersey
Jordan
Kazakhstan
Kenya
Kingdom of Bahrain
Kingdom of Belgium
Kingdom of Bhutan
Kingdom of Cambodia
Kingdom of Denmark
Kingdom of Lesotho
Kingdom of Morocco
Kingdom of Norway
Kingdom of Saudi Arabia
Kingdom of Spain
Kingdom of Swaziland
Kingdom of Sweden
Kingdom of Thailand
Kingdom of the Netherlands
Kingdom of Tonga
Kiribati
Kosovo
Kuwait
Kyrgyz Republic
Kyrgyzstan
Lao People's Democratic Republic
Laos
Latvia
Lebanese Republic
Lebanon
Lesotho
Liberia
Libya
Liechtenstein
Lithuania
Luxembourg
Macau
Macedonia
Madagascar
Malawi
Malaysia
Maldives
Mali
Malta
Marshall Islands
Martinique
Mauritania
Mauritius
Mayotte
Melilla
Mexico
Micronesia
Moldova
Monaco
Mongolia
Montenegro
Montserrat
Morocco
Mozambique
Myanmar
Nagorno-Karabakh
Nagorno-Karabakh Republic
Namibia
Nation of Brunei
Nauru
Nepal
Netherlands
New Caledonia
New Zealand
Nicaragua
Niger
Nigeria
Niue
Norfolk Island
Northern Cyprus
Northern Mariana Islands
North Korea
North Macedonia
North Vietnam
Norway
Oman
Pakistan
Palau
Palestine
Panama
Papua New Guinea
Paraguay
People's Democratic Republic of Algeria
People's Republic of Bangladesh
People's Republic of China
Peru
Philippines
Pitcairn Islands
Plurinational State of Bolivia
Poland
Portugal
Portuguese Republic
Pridnestrovian Moldavian Republic
Principality of Andorra
Principality of Liechtenstein
Principality of Monaco
Puerto Rico
Qatar
Realm of Denmark
Realm of New Zealand
Republic of Abkhazia
Republic of Albania
Republic of Angola
Republic of Armenia
Republic of Austria
Republic of Azerbaijan
Republic of Belarus
Republic of Benin
Republic of Botswana
Republic of Bulgaria
Republic of Burundi
Republic of Cabo Verde
Republic of Cameroon
Republic of Chad
Republic of Chile
Republic of China
Republic of Colombia
Republic of Costa Rica
Republic of Cote d'Ivoire
Republic of Croatia
Republic of Cuba
Republic of Cyprus
Republic of Djibouti
Republic of Ecuador
Republic of El Salvador
Republic of Equatorial Guinea
Republic of Estonia
Republic of Fiji
Republic of Finland
Republic of Ghana
Republic of Guatemala
Republic of Guinea
Republic of Guinea-Bissau
Republic of Haiti
Republic of Honduras
Republic of Hungary
Republic of Iceland
Republic of India
Republic of Indonesia
Republic of Iraq
Republic of Ireland
Republic of Kazakhstan
Republic of Kenya
Republic of Kiribati
Republic of Korea
Republic of Kosovo
Republic of Latvia
Republic of Liberia
Republic of Lithuania
Republic of Macedonia
Republic of Madagascar
Republic of Malawi
Republic of Maldives
Republic of Mali
Republic of Malta
Republic of Mauritius
Republic of Moldova
Republic of Mozambique
Republic of Namibia
Republic of Nauru
Republic of Nicaragua
Republic of Niger
Republic of Palau
Republic of Panama
Republic of Paraguay
Republic of Peru
Republic of Poland
Republic of Rwanda
Republic of San Marino
Republic of Senegal
Republic of Serbia
Republic of Seychelles
Republic of Sierra Leone
Republic of Singapore
Republic of Slovenia
Republic of South Africa
Republic of South Sudan
Republic of Suriname
Republic of Tajikistan
Republic of the Congo
Republic of the Gambia
Republic of the Marshall Islands
Republic of the Philippines
Republic of the Sudan
Republic of the Union of Myanmar
Republic of Trinidad and Tobago
Republic of Turkey
Republic of Uganda
Republic of Uzbekistan
Republic of Vanuatu
Republic of Vietnam
Republic of Yemen
Republic of Zambia
Republic of Zimbabwe
Republika Sepska
Reunion
Rojava
Romania
Russia
Russian Federation
Rwanda
Saar Protectorate
Sahrawi Arab Democratic Republic
Saint Barthelemy
Saint Helena, Ascension and Tristan da Cunha
Saint Kitts and Nevis
Saint Lucia
Saint Martin
Saint Pierre and Miquelon
Saint Vincent
Saint Vincent and the Grenadines
Samoa
San Marino
Sao Tome and Principe
Sark
Saudi Arabia
Senegal
Serbia
Seychelles
Sierra Leone
Singapore
Sint Maarten
Slovakia
Slovak Republic
Slovenia
Socialist Federal Republic of Yugoslavia
Socialist Republic of Vietnam
Solomon Islands
Somalia
Somaliland
South Africa
South Georgia and the South Sandwich Islands
South Korea
South Ossetia
South Sudan
South Vietnam
Soviet Union
Spain
Sri Lanka
State of Eritrea
State of Israel
State of Kuwait
State of Palestine
State of Qatar
Sudan
Sultanate of Oman
Suriname
Svalbard
Swaziland
Sweden
Swiss Confederation
Switzerland
Syria
Syrian Arab Republic
Syrian Kurdistan
Taiwan
Tajikistan
Tanzania
Thailand
The Bahamas
The Gambia
The Netherlands
Timor-Leste
Togo
Togolese Republic
Tokelau
Tonga
Transnistria
Trinidad and Tobago
Tristan da Cunha
Tunisia
Tunisian Republic
Turkey
Turkish Republic of Northern Cyprus
Turkmenistan
Turks and Caicos Islands
Tuvalu
Uganda
Ukraine
Union of Soviet Socialist Republics
Union of the Comoros
United Arab Emirates
United Kingdom
United Kingdom of Great Britain and Northern Ireland
United Mexican States
United Republic of Tanzania
United States
United States of America
United States Virgin Islands
Uruguay
Uzbekistan
Vanuatu
Vatican City
Vatican City State
Venezuela
Vietnam
Wallis and Futuna
West Berlin
Western Sahara
West Germany
Yemen
Yugoslavia
Zambia
Zimbabwe
