#@gems
acerila
achroite
acmite
adamine
adularia
aegyrine
agalmatolite
agate
alabaster
alacranite
alamandine
alexandrite
allemontite
almandine
almandite
alurgite
amatite
amatrix
amazon stone
amazonite
amazonstone
amber
amesite
amethyst
ametrine
amianthus
ammolite
analbite
analcite
andalusite
andradite
angelite
annite
annivite
anorpiment
anorthose
anthraconite
antigorite
antimonite
antimonpearceite
antimony glance
antozonite
aphrite
apricotine
aqua aura
aquamarine
argentite
argentotennantite
arkansite
arsenical pyrites
arsenoferrite
arsenolamprite
arsenpolybasite
asbestos
automolite
aventurine
awaruite
axinite
azure-malachite
ballas
baryte
basanite
bastite
baumstarkite
bayerite
bazzite
beaumontite
benitoite
beryl
binghamite
binnite
bitter salt
bixbite
black jack
black lead
black opal
blanchardite
blende
blister copper
blood jasper
bloodstone
blue asbestos
blue copper
blue jasper
blue john
blue lace agate
blue quartz
blue vitriol
blushing copper
bohmite
bologna stone
bonamite
bone
bort
botryolite
bowenite
brass ore
breunnerite
brimstone
bronzite
buergerite
bustamite
byssolite
cabrerite
cadmium ochre
cairngorm
calamine
calcareous sinter
calcareous tufa
calciocelsian
calciotherite
calcspar
calderite
californite
campylite
capillitite
carbonado
carbonatecyanotrichite
carnelian
cassiterite
caswellite
cat's eye
celestite
cerasite
ceylonite
chabasite
chalcedon
chalcedonite
chalcedony
chalcedonyx
chalcotrichite
chalk
chalybite
chambersite
chaoite
cherry blossom stone
cherry opal
chert
chessylite
chiastolite
chillagite
china clay
chloanthite
chlorapatite
chlorastrolite
chloropal
chlorophane
chlorospinel
chromdravite
chrome diaspore
chrome garnet
chrome titanite
chrome tourmaline
chrome vesuvianite
chrome-diopside
chrome-enstatite
chrome-magnetite
chrome-pyrophyllite
chrome-spinel
chrome-tremolite
chromian lawsonite
chromio-pargasite
chromium dravite
chromohercynite
chrysoberyl
chrysocolla
chrysolite
chrysomelane
chrysopal
chrysoprase
chrysotile
cinnabarite
cinnamon stone
citrine
claro opal
clay ironstone
cleavelandite
cleiophane
cleveite
clinocervantite
clinochrysotile
clinoenstatite
clinoferrosillite
clinohumite
clinomimetite
clinothulite
cloud agate
cobalt bloom
cobalt calcite
cobaltoadamite
cobaltocalcite
collophane
comuccite
copal
copper adamite
copper pyrites
copper smithsonite
copper sulfate
copper vitriol
coral
cordierite
corn spar
cornelian
corundum
covelline
crocidolite
cromfordite
cromite
cronstedtite
csarite
cuboargyrite
cuproadamite
cupropyrite
cyanite
cymatolite
cymophane
cyprine
cyrtolite
danaite
danburite
dauphinite
dekalbite
demantoid
desert rose
desmine
deweylite
diamond
diasporite
diatomite
dichroite
dickite
diopside
dioptase
disthene
dogtooth spar
dolomite rock
dolostone
doyleite
dravite
ducktownite
dumortierite
dunite
eastonite
eilat stone
elaeolite
elbaite
electrum
elie ruby
emerald
emery
endellionite
endellite
endlichite
epidesmine
epsom
epsom salt
erubescite
essonite
evening stone
eye agate
faden quartz
fahlerz
fairburn agate
fairy cross
fairy stone
falcon's eye
fancy
faroelite
fassaite
fayalite
feather ore
feldspar
ferro-actinolite
ferro-edenite
ferro-glaucophane
ferro-hornblende
ferro-magnesite
ferro-pargasite
ferroaxinite
ferrosillite
ferroskutterudite
ferrotitanite
ferrous chromite
ferrowollastonite
ferruginous quartz
fibrolite
flint
flos ferri
flowstone
fluor
fluor-buergerite
fluor-dravite
fluor-elbaite
fluor-liddicoatite
fluor-schorl
fluor-uvite
fluorannite
fluorapatite
fluorapophyllite
fluorite
fluoro-edenite
fluoro-magnesio-arfvedsonite
fluoro-pargasite
fluorophlogopite
fluorspar
fools gold
forsterite
fowlerite
fraipontite
frazil
freshwater
frost
fuschite
gahnite
gahnospinel
galaxite
galenite
garnet
garnierite
gastaldite
gelite
genthite
geyserite
gigantolite
girasol
glacier
glaze
goshenite
goslarite
grafito
grandidierite
green beryl
green jasper
green lead ore
green onyx
greenovite
grossular
grossularite
grothite
gudmundite
gymnite
gypsite
gypsum flower
gypsum rock
hackmanite
hafnium zircon
halfbreed
halloysite
hambergite
hancockite
hauyunite
hawk's eye
hawleyite
haydenite
haytorite
heavy spar
heliodor
heliodorite
heliotrope
hematite
hercynite
herschelite
hessonite
hexagonite
hibonite
hibschite
hiddenite
holly blue
honey opal
horn lead
hornstone
hyacinth
hyalite
hyalophane
hydrargillite
hydrargyllite
hydrargyrum
hydrogarnet
hydrogen dioxide
hydrogrossular
hydrohalite
hydrophane opal
hydroxyapophyllite
hydroxyl-apatite
hydroxylapatite
hydroxylclinohumite
hypercinnabar
hypersthene
hubnerite
icicle
idocrase
ilmenorutile
imperial topaz
inca rose
indialite
indicolite
indigo copper
iolite
iridot
iron
iron mica
iron rose
iserine
isinglass
isopyre
ivory
jacinth
jade
jadeite
jargon
jargoon
jasp agate
jaspe
jasper
jaspilite
jasponyx
jeffersonite
jelly opal
jeremejevite
jet
josephinite
juddite
julianite
kaemmererite
kamacite
kammererite
kaolin
kasoite
katoite
keilhauite
kimberlite
king topaz
kinradite
kittlite
kornerupine
kunzite
kupfernickel
kutnohorite
labradorite
laguna agate
landscape agate
lapis
lapis lazuli
larimar
laumonite
lead glance
lead spar
lechosos opal
ledererite
leonhardite
lepidomelane
lettsomite
leuco-garnet
leucoxene
levin opal
liddicoatite
limestone
limestone onyx
lincolnite
lintonite
liquid silver
lithium mica
lithoxyl opal
liver opal
lizardite
lodestone
lonsdaleite
lussatine
lussatite
lollingite
mackintoshite
madeira citrine
magnesio-hastingsite
magnesio-hornblende
magnesio-riebeckite
magnesioaxinite
magnesiochromite
magnesiodumortierite
magnesiostaurolite
magnetic pyrites
malachite
malacolite
mali garnet
mangan diaspore
mangan-vesuvianite
manganapatite
manganaxinite
manganbabingtonite
manganocalcite
manganophyllite
manganowollastonite
mangansiderite
marble
mariposite
marmatite
marmolite
martite
matrix opal
maw sit sit
melanite
menaccanite
menilite
metacinnabarite
meteoric iron
mica
mispickel
mizzonite
monel metal
moonstone
morenosite
morganite
morion
morrisonite
mossottite
mtorolite
mullanite
mullicite
musgravite
myrickite
myrmekite
nacre
nacrite
natroapophyllite
natural salt
needle tin
nephrite
nepouite
neslite
nevada opal
niccolite
niccolo
nicholsonite
nickel
nickel bloom
nickel-iron
nickelian loellingite
nickelskutterudite
niigataite
noble orthoclase
noselite
nostrandite
nuttalite
obsidian
octahedrite
odinite
odontolite
oisanite
oligonite
olivinoid
onegite
onice
onofrite
onyx
opal
opaline
opalite
ophiolite
orangite
orthoantigorite
orthochamosite
orthochrysotile
owyhee jasper
padparadschah
pajsbergite
pallasite
paracelsian
parachrysotile
pearl
pennine
penninite
pericline
peridot
peristerite
perthite
petrified wood
petschite
pezzottaite
phacolite
phantom quartz
phenacite
pianlinite
piconite
picotite
picrochromite
picroilmenite
picrolite
pinite
pinnite
pipe opal
pistacite
pitch opal
pitchblende
plasma
pleonast
pleonaste
plumbago
plumosite
poldervaartite
polianite
poppy jasper
potash mica
potassic-arfvedsonite
potassic-pargasite
potassium feldspar
potch
poudretteite
prase
praseme
prasiolite
praziolite
prehnite
pseudoleucite
pycnite
pyralspite
pyrhottite
pyrite
pyrite cube
pyrite sun
pyritohedron
pyrope
pyrophane
quartz
quicksilver
radelerz
ram's horn
rasorite
raspberyl
red beryl
redruthite
reinite
retinalite
rhodochrosite
rhodolite
rhyacolite
ringwoodite
ripidolite
rogueite
rosickyite
rosinca
rosolite
rubellite
rubicelle
ruby
rumanite
serandite
sagenite
salaite
salite
salt
saltwater
sammite
sapphire
sard
sardonyx
schalenblende
schefferite
scherbencobalt
schernikite
schorl
schorlomite
schwazite
seawater
sekaninaite
selenite
semiopal
seraphinite
serendibite
sericite
serpentinite
shirozulite
siberite
siderophyllite
sideroplesite
silica
silicafied wood
silver glance
slocum stone
smaltite
snow
snowflake
soaprock
soapstone
sodaclase
souesite
spectrolite
specularite
spessartine
spessartite
sphaerosiderite
sphene
spherocobaltite
spinel
spinell
staffelite
stalactite
stalagmite
starlite
steatite
strontian
strontian-apatite
struverite
sugilite
sulphur
sunstone
taaffeite
tabasheer
taenite
tanzanite
tarnowitzite
tetraferriannite
tetraferriphlogopite
tetrataenite
thomsonite
thorogummite
thulite
thunder egg
thuringite
tiger's-eye
tigereye
tin stone
tincal
tinzenite
tirodite
titano-hematite
titano-magnetite
titanoferrite
topaz
topazolite
torite
touchonite
tourmaline
travertine
triphane
troilite
troostite
tsavorite
tube agate
tufa
turgite
turquoise
ugrandite
ultralite
umbalite
umite
unakite
uralite
uranothorite
utahlite
uvarovite
uvite
valencianite
vanadiumdravite
variscite
verdelite
vermarine
vesuvianite
viluite
violane
viridine
wad
wadsleyite
wascoite
wash opal
washingtonite
wernerite
white feldspar
white opal
white topaz
williamsite
wiluite
xanthitane
xanthite
xanthochroite
xenotime
yellow citrine
yellow copper
yowah nut
yttrocerite
yttrofluorite
yttrotitanite
zebra jasper
zektzerite
zeolite
zinc blende
zincostaurolite
zircon
zoisite
zultanite
