#@herbs and spices
abelmosk
absinthe
ajwain
akudjura
alexanders
alkanet
alligator pepper
allspice
angelica
anise
aniseed myrtle
anise hyssop
annatto
apple mint
artemisia
asafoetida
asarabacca
avens
avocado
barberry
basil
bay leaf
bee balm
black caraway
black mustard
black onion seed
blue fenugreek
boldo
borage
brazilian pepper
brown mustard
bunga siantan
caper
caraway
cardamom
carom seeds
cassia
catnip
cayenne pepper
celery
chervil
chicory
chili pepper
chives
cicely
cilantro
cinnamon
cinnamon myrtle
clary
clove
coriander
cornish pepper leaf
costmary
cubeb
cudweed
culangot
culantro
cumin
curry leaf
curry plant
daun salam
dill
dill seed
dorrigo pepper
elderflower
epazote
ethiopian cardamom
false cardamom
fennel
fenugreek
filé powder
fingerroot
galangal
galingale
garlic chives
ginger
golpar
grains of paradise
grains of selim
herb bennet
horseradish
houttuynia cordata
huacatay
hyssop
indonesian bay leaf
jasmine
jiaogulan
jimbu
juniper berry
kaffir lime
kala zeera
kalonji
kawakawa
keluak
kencur
kentjur
kepayang
kewra
kinh gioi
kluwak
kokam seed
korarima
koseret leaves
lavender
lemon balm
lemongrass
lemon ironbark
lemon myrtle
lemon verbena
leptotes bicolor
lesser calamint
licorice
lime flower
linden flower
long coriander
long pepper
lovage
mace
mahleb
marjoram
mastic
mexican marigold
mint
mint marigold
mountain horopito
mountain pepper
musk mallow
mustard
nigella
njangsa
nutmeg
olida
oregano
orris root
pandan flower
pandan leaf
paprika
paracress
parsley
pepper
peppermint
peppermint gum leaf
perilla
peruvian pepper
quassia
rice paddy herb
rosemary
rue
safflower
saffron
sage
saigon cinnamon
salad burnet
salep
sassafras
savory
screwpine
shiso
silphium
sorrel
spearmint
spikenard
star anise
sumac
sweet woodruff
szechuan pepper
tarragon
thyme
torch
turmeric
vanilla
vietnamese balm
voatsiperifery
wasabi
watercress
water-pepper
wattleseed
white mustard
wild thyme
willow herb
wintergreen
wood avens
woodruff
wormwood
yarrow
yellow mustard
yerba buena
za'atar
zedoary
