#@minor planets
Ceres,1
Pallas,2
Juno,3
Vesta,4
Astraea,5
Hebe,6
Iris,7
Flora,8
Metis,9
Hygiea,10
Parthenope,11
Victoria,12
Egeria,13
Irene,14
Eunomia,15
Psyche,16
Thetis,17
Melpomene,18
Fortuna,19
Massalia,20
Lutetia,21
Kalliope,22
Thalia,23
Themis,24
Phocaea,25
Proserpina,26
Euterpe,27
Bellona,28
Amphitrite,29
Urania,30
Euphrosyne,31
Pomona,32
Polyhymnia,33
Circe,34
Leukothea,35
Atalante,36
Fides,37
Leda,38
Laetitia,39
Harmonia,40
Daphne,41
Isis,42
Ariadne,43
Nysa,44
Eugenia,45
Hestia,46
Aglaja,47
Doris,48
Pales,49
Virginia,50
Nemausa,51
Europa,52
Kalypso,53
Alexandra,54
Pandora,55
Melete,56
Mnemosyne,57
Concordia,58
Elpis,59
Echo,60
Danae,61
Erato,62
Ausonia,63
Angelina,64
Cybele,65
Maja,66
Asia,67
Leto,68
Hesperia,69
Panopaea,70
Niobe,71
Feronia,72
Klytia,73
Galatea,74
Eurydike,75
Freia,76
Frigga,77
Diana,78
Eurynome,79
Sappho,80
Terpsichore,81
Alkmene,82
Beatrix,83
Klio,84
Io,85
Semele,86
Sylvia,87
Thisbe,88
Julia,89
Antiope,90
Aegina,91
Undina,92
Minerva,93
Aurora,94
Arethusa,95
Aegle,96
Klotho,97
Ianthe,98
Dike,99
Hekate,100
Helena,101
Miriam,102
Hera,103
Klymene,104
Artemis,105
Dione,106
Camilla,107
Hecuba,108
Felicitas,109
Lydia,110
Ate,111
Iphigenia,112
Amalthea,113
Kassandra,114
Thyra,115
Sirona,116
Lomia,117
Peitho,118
Althaea,119
Lachesis,120
Hermione,121
Gerda,122
Brunhild,123
Alkeste,124
Liberatrix,125
Velleda,126
Johanna,127
Nemesis,128
Antigone,129
Elektra,130
Vala,131
Aethra,132
Cyrene,133
Sophrosyne,134
Hertha,135
Austria,136
Meliboea,137
Tolosa,138
Juewa,139
Siwa,140
Lumen,141
Polana,142
Adria,143
Vibilia,144
Adeona,145
Lucina,146
Protogeneia,147
Gallia,148
Medusa,149
Nuwa,150
Abundantia,151
Atala,152
Hilda,153
Bertha,154
Scylla,155
Xanthippe,156
Dejanira,157
Koronis,158
Aemilia,159
Una,160
Athor,161
Laurentia,162
Erigone,163
Eva,164
Loreley,165
Rhodope,166
Urda,167
Sibylla,168
Zelia,169
Maria,170
Ophelia,171
Baucis,172
Ino,173
Phaedra,174
Andromache,175
Iduna,176
Irma,177
Belisana,178
Klytaemnestra,179
Garumna,180
Eucharis,181
Elsa,182
Istria,183
Dejopeja,184
Eunike,185
Celuta,186
Lamberta,187
Menippe,188
Phthia,189
Ismene,190
Kolga,191
Nausikaa,192
Ambrosia,193
Prokne,194
Eurykleia,195
Philomela,196
Arete,197
Ampella,198
Byblis,199
Dynamene,200
Penelope,201
Chryseis,202
Pompeja,203
Kallisto,204
Martha,205
Hersilia,206
Hedda,207
Lacrimosa,208
Dido,209
Isabella,210
Isolda,211
Medea,212
Lilaea,213
Aschera,214
Oenone,215
Kleopatra,216
Eudora,217
Bianca,218
Thusnelda,219
Stephania,220
Eos,221
Lucia,222
Rosa,223
Oceana,224
Henrietta,225
Weringia,226
Philosophia,227
Agathe,228
Adelinda,229
Athamantis,230
Vindobona,231
Russia,232
Asterope,233
Barbara,234
Carolina,235
Honoria,236
Coelestina,237
Hypatia,238
Adrastea,239
Vanadis,240
Germania,241
Kriemhild,242
Ida,243
Sita,244
Vera,245
Asporina,246
Eukrate,247
Lameia,248
Ilse,249
Bettina,250
Sophia,251
Clementina,252
Mathilde,253
Augusta,254
Oppavia,255
Walpurga,256
Silesia,257
Tyche,258
Aletheia,259
Huberta,260
Prymno,261
Valda,262
Dresda,263
Libussa,264
Anna,265
Aline,266
Tirza,267
Adorea,268
Justitia,269
Anahita,270
Penthesilea,271
Antonia,272
Atropos,273
Philagoria,274
Sapientia,275
Adelheid,276
Elvira,277
Paulina,278
Thule,279
Philia,280
Lucretia,281
Clorinde,282
Emma,283
Amalia,284
Regina,285
Iclea,286
Nephthys,287
Glauke,288
Nenetta,289
Bruna,290
Alice,291
Ludovica,292
Brasilia,293
Felicia,294
Theresia,295
Phaetusa,296
Caecilia,297
Baptistina,298
Thora,299
Geraldina,300
Bavaria,301
Clarissa,302
Josephina,303
Olga,304
Gordonia,305
Unitas,306
Nike,307
Polyxo,308
Fraternitas,309
Margarita,310
Claudia,311
Pierretta,312
Chaldaea,313
Rosalia,314
Constantia,315
Goberta,316
Roxane,317
Magdalena,318
Leona,319
Katharina,320
Florentina,321
Phaeo,322
Brucia,323
Bamberga,324
Heidelberga,325
Tamara,326
Columbia,327
Gudrun,328
Svea,329
Adalberta,330
Etheridgea,331
Siri,332
Badenia,333
Chicago,334
Roberta,335
Lacadiera,336
Devosa,337
Budrosa,338
Dorothea,339
Eduarda,340
California,341
Endymion,342
Ostara,343
Desiderata,344
Tercidina,345
Hermentaria,346
Pariana,347
May,348
Dembowska,349
Ornamenta,350
Yrsa,351
Gisela,352
Ruperto-Carola,353
Eleonora,354
Gabriella,355
Liguria,356
Ninina,357
Apollonia,358
Georgia,359
Carlova,360
Bononia,361
Havnia,362
Padua,363
Isara,364
Corduba,365
Vincentina,366
Amicitia,367
Haidea,368
Aeria,369
Modestia,370
Bohemia,371
Palma,372
Melusina,373
Burgundia,374
Ursula,375
Geometria,376
Campania,377
Holmia,378
Huenna,379
Fiducia,380
Myrrha,381
Dodona,382
Janina,383
Burdigala,384
Ilmatar,385
Siegena,386
Aquitania,387
Charybdis,388
Industria,389
Alma,390
Ingeborg,391
Wilhelmina,392
Lampetia,393
Arduina,394
Delia,395
Aeolia,396
Vienna,397
Admete,398
Persephone,399
Ducrosa,400
Ottilia,401
Chloe,402
Cyane,403
Arsinoe,404
Thia,405
Erna,406
Arachne,407
Fama,408
Aspasia,409
Chloris,410
Xanthe,411
Elisabetha,412
Edburga,413
Liriope,414
Palatia,415
Vaticana,416
Suevia,417
Alemannia,418
Aurelia,419
Bertholda,420
Zahringia,421
Berolina,422
Diotima,423
Gratia,424
Cornelia,425
Hippo,426
Galene,427
Monachia,428
Lotis,429
Hybris,430
Nephele,431
Pythia,432
Eros,433
Hungaria,434
Ella,435
Patricia,436
Rhodia,437
Zeuxo,438
Ohio,439
Theodora,440
Bathilde,441
Eichsfeldia,442
Photographica,443
Gyptis,444
Edna,445
Aeternitas,446
Valentine,447
Natalie,448
Hamburga,449
Brigitta,450
Patientia,451
Hamiltonia,452
Tea,453
Mathesis,454
Bruchsalia,455
Abnoba,456
Alleghenia,457
Hercynia,458
Signe,459
Scania,460
Saskia,461
Eriphyla,462
Lola,463
Megaira,464
Alekto,465
Tisiphone,466
Laura,467
Lina,468
Argentina,469
Kilia,470
Papagena,471
Roma,472
Nolli,473
Prudentia,474
Ocllo,475
Hedwig,476
Italia,477
Tergeste,478
Caprera,479
Hansa,480
Emita,481
Petrina,482
Seppina,483
Pittsburghia,484
Genua,485
Cremona,486
Venetia,487
Kreusa,488
Comacina,489
Veritas,490
Carina,491
Gismonda,492
Griseldis,493
Virtus,494
Eulalia,495
Gryphia,496
Iva,497
Tokio,498
Venusia,499
Selinur,500
Urhixidur,501
Sigune,502
Evelyn,503
Cora,504
Cava,505
Marion,506
Laodica,507
Princetonia,508
Iolanda,509
Mabella,510
Davida,511
Taurinensis,512
Centesima,513
Armida,514
Athalia,515
Amherstia,516
Edith,517
Halawe,518
Sylvania,519
Franziska,520
Brixia,521
Helga,522
Ada,523
Fidelio,524
Adelaide,525
Jena,526
Euryanthe,527
Rezia,528
Preziosa,529
Turandot,530
Zerlina,531
Herculina,532
Sara,533
Nassovia,534
Montague,535
Merapi,536
Pauly,537
Friederike,538
Pamina,539
Rosamunde,540
Deborah,541
Susanna,542
Charlotte,543
Jetta,544
Messalina,545
Herodias,546
Praxedis,547
Kressida,548
Jessonda,549
Senta,550
Ortrud,551
Sigelinde,552
Kundry,553
Peraga,554
Norma,555
Phyllis,556
Violetta,557
Carmen,558
Nanon,559
Delila,560
Ingwelde,561
Salome,562
Suleika,563
Dudu,564
Marbachia,565
Stereoskopia,566
Eleutheria,567
Cheruskia,568
Misa,569
Kythera,570
Dulcinea,571
Rebekka,572
Recha,573
Reginhild,574
Renate,575
Emanuela,576
Rhea,577
Happelia,578
Sidonia,579
Selene,580
Tauntonia,581
Olympia,582
Klotilde,583
Semiramis,584
Bilkis,585
Thekla,586
Hypsipyle,587
Achilles,588
Croatia,589
Tomyris,590
Irmgard,591
Bathseba,592
Titania,593
Mireille,594
Polyxena,595
Scheila,596
Bandusia,597
Octavia,598
Luisa,599
Musa,600
Nerthus,601
Marianna,602
Timandra,603
Tekmessa,604
Juvisia,605
Brangane,606
Jenny,607
Adolfine,608
Fulvia,609
Valeska,610
Valeria,611
Veronika,612
Ginevra,613
Pia,614
Roswitha,615
Elly,616
Patroclus,617
Elfriede,618
Triberga,619
Drakonia,620
Werdandi,621
Esther,622
Chimaera,623
Hektor,624
Xenia,625
Notburga,626
Charis,627
Christine,628
Bernardina,629
Euphemia,630
Philippina,631
Pyrrha,632
Zelima,633
Ute,634
Vundtia,635
Erika,636
Chrysothemis,637
Moira,638
Latona,639
Brambilla,640
Agnes,641
Clara,642
Scheherezade,643
Cosima,644
Agrippina,645
Kastalia,646
Adelgunde,647
Pippa,648
Josefa,649
Amalasuntha,650
Antikleia,651
Jubilatrix,652
Berenike,653
Zelinda,654
Briseis,655
Beagle,656
Gunlod,657
Asteria,658
Nestor,659
Crescentia,660
Cloelia,661
Newtonia,662
Gerlinde,663
Judith,664
Sabine,665
Desdemona,666
Denise,667
Dora,668
Kypria,669
Ottegebe,670
Carnegia,671
Astarte,672
Edda,673
Rachele,674
Ludmilla,675
Melitta,676
Aaltje,677
Fredegundis,678
Pax,679
Genoveva,680
Gorgo,681
Hagar,682
Lanzia,683
Hildburg,684
Hermia,685
Gersuind,686
Tinette,687
Melanie,688
Zita,689
Wratislavia,690
Lehigh,691
Hippodamia,692
Zerbinetta,693
Ekard,694
Bella,695
Leonora,696
Galilea,697
Ernestina,698
Hela,699
Auravictrix,700
Oriola,701
Alauda,702
Noemi,703
Interamnia,704
Erminia,705
Hirundo,706
Steina,707
Raphaela,708
Fringilla,709
Gertrud,710
Marmulla,711
Boliviana,712
Luscinia,713
Ulula,714
Transvaalia,715
Berkeley,716
Wisibada,717
Erida,718
Albert,719
Bohlinia,720
Tabora,721
Frieda,722
Hammonia,723
Hapag,724
Amanda,725
Joella,726
Nipponia,727
Leonisis,728
Watsonia,729
Athanasia,730
Sorga,731
Tjilaki,732
Mocia,733
Benda,734
Marghanna,735
Harvard,736
Arequipa,737
Alagasta,738
Mandeville,739
Cantabia,740
Botolphia,741
Edisona,742
Eugenisis,743
Aguntina,744
Mauritia,745
Marlu,746
Winchester,747
Simeisa,748
Malzovia,749
Oskar,750
Faina,751
Sulamitis,752
Tiflis,753
Malabar,754
Quintilla,755
Lilliana,756
Portlandia,757
Mancunia,758
Vinifera,759
Massinga,760
Brendelia,761
Pulcova,762
Cupido,763
Gedania,764
Mattiaca,765
Moguntia,766
Bondia,767
Struveana,768
Tatjana,769
Bali,770
Libera,771
Tanete,772
Irmintraud,773
Armor,774
Lumiere,775
Berbericia,776
Gutemberga,777
Theobalda,778
Nina,779
Armenia,780
Kartvelia,781
Montefiore,782
Nora,783
Pickeringia,784
Zwetana,785
Bredichina,786
Moskva,787
Hohensteina,788
Lena,789
Pretoria,790
Ani,791
Metcalfia,792
Arizona,793
Irenaea,794
Fini,795
Sarita,796
Montana,797
Ruth,798
Gudula,799
Kressmannia,800
Helwerthia,801
Epyaxa,802
Picka,803
Hispania,804
Hormuthia,805
Gyldenia,806
Ceraskia,807
Merxia,808
Lundia,809
Atossa,810
Nauheima,811
Adele,812
Baumeia,813
Tauris,814
Coppelia,815
Juliana,816
Annika,817
Kapteynia,818
Barnardiana,819
Adriana,820
Fanny,821
Lalage,822
Sisigambis,823
Anastasia,824
Tanina,825
Henrika,826
Wolfiana,827
Lindemannia,828
Academia,829
Petropolitana,830
Stateira,831
Karin,832
Monica,833
Burnhamia,834
Olivia,835
Jole,836
Schwarzschilda,837
Seraphina,838
Valborg,839
Zenobia,840
Arabella,841
Kerstin,842
Nicolaia,843
Leontina,844
Naema,845
Lipperta,846
Agnia,847
Inna,848
Ara,849
Altona,850
Zeissia,851
Wladilena,852
Nansenia,853
Frostia,854
Newcombia,855
Backlunda,856
Glasenappia,857
El Djezair,858
Bouzareah,859
Ursina,860
Aida,861
Franzia,862
Benkoela,863
Aase,864
Zubaida,865
Fatme,866
Kovacia,867
Lova,868
Mellena,869
Manto,870
Amneris,871
Holda,872
Mechthild,873
Rotraut,874
Nymphe,875
Scott,876
Walkure,877
Mildred,878
Ricarda,879
Herba,880
Athene,881
Swetlana,882
Matterania,883
Priamus,884
Ulrike,885
Washingtonia,886
Alinda,887
Parysatis,888
Erynia,889
Waltraut,890
Gunhild,891
Seeligeria,892
Leopoldina,893
Erda,894
Helio,895
Sphinx,896
Lysistrata,897
Hildegard,898
Jokaste,899
Rosalinde,900
Brunsia,901
Probitas,902
Nealley,903
Rockefellia,904
Universitas,905
Repsolda,906
Rhoda,907
Buda,908
Ulla,909
Anneliese,910
Agamemnon,911
Maritima,912
Otila,913
Palisana,914
Cosette,915
America,916
Lyka,917
Itha,918
Ilsebill,919
Rogeria,920
Jovita,921
Schlutia,922
Herluga,923
Toni,924
Alphonsina,925
Imhilde,926
Ratisbona,927
Hildrun,928
Algunde,929
Westphalia,930
Whittemora,931
Hooveria,932
Susi,933
Thuringia,934
Clivia,935
Kunigunde,936
Bethgea,937
Chlosinde,938
Isberga,939
Kordula,940
Murray,941
Romilda,942
Begonia,943
Hidalgo,944
Barcelona,945
Poesia,946
Monterosa,947
Jucunda,948
Hel,949
Ahrensa,950
Gaspra,951
Caia,952
Painleva,953
Li,954
Alstede,955
Elisa,956
Camelia,957
Asplinda,958
Arne,959
Birgit,960
Gunnie,961
Aslog,962
Iduberga,963
Subamara,964
Angelica,965
Muschi,966
Helionape,967
Petunia,968
Leocadia,969
Primula,970
Alsatia,971
Cohnia,972
Aralia,973
Lioba,974
Perseverantia,975
Benjamina,976
Philippa,977
Aidamina,978
Ilsewa,979
Anacostia,980
Martina,981
Franklina,982
Gunila,983
Gretia,984
Rosina,985
Amelia,986
Wallia,987
Appella,988
Schwassmannia,989
Yerkes,990
McDonalda,991
Swasey,992
Moultona,993
Otthild,994
Sternberga,995
Hilaritas,996
Priska,997
Bodea,998
Zachia,999
Piazzia,1000
Gaussia,1001
Olbersia,1002
Lilofee,1003
Belopolskya,1004
Arago,1005
Lagrangea,1006
Pawlowia,1007
La Paz,1008
Sirene,1009
Marlene,1010
Laodamia,1011
Sarema,1012
Tombecka,1013
Semphyra,1014
Christa,1015
Anitra,1016
Jacqueline,1017
Arnolda,1018
Strackea,1019
Arcadia,1020
Flammario,1021
Olympiada,1022
Thomana,1023
Hale,1024
Riema,1025
Ingrid,1026
Aesculapia,1027
Lydina,1028
La Plata,1029
Vitja,1030
Arctica,1031
Pafuri,1032
Simona,1033
Mozartia,1034
Amata,1035
Ganymed,1036
Davidweilla,1037
Tuckia,1038
Sonneberga,1039
Klumpkea,1040
Asta,1041
Amazone,1042
Beate,1043
Teutonia,1044
Michela,1045
Edwin,1046
Geisha,1047
Feodosia,1048
Gotho,1049
Meta,1050
Merope,1051
Belgica,1052
Vigdis,1053
Forsytia,1054
Tynka,1055
Azalea,1056
Wanda,1057
Grubba,1058
Mussorgskia,1059
Magnolia,1060
Paeonia,1061
Ljuba,1062
Aquilegia,1063
Aethusa,1064
Amundsenia,1065
Lobelia,1066
Lunaria,1067
Nofretete,1068
Planckia,1069
Tunica,1070
Brita,1071
Malva,1072
Gellivara,1073
Beljawskya,1074
Helina,1075
Viola,1076
Campanula,1077
Mentha,1078
Mimosa,1079
Orchis,1080
Reseda,1081
Pirola,1082
Salvia,1083
Tamariwa,1084
Amaryllis,1085
Nata,1086
Arabis,1087
Mitaka,1088
Tama,1089
Sumida,1090
Spiraea,1091
Lilium,1092
Freda,1093
Siberia,1094
Tulipa,1095
Reunerta,1096
Vicia,1097
Hakone,1098
Figneria,1099
Arnica,1100
Clematis,1101
Pepita,1102
Sequoia,1103
Syringa,1104
Fragaria,1105
Cydonia,1106
Lictoria,1107
Demeter,1108
Tata,1109
Jaroslawa,1110
Reinmuthia,1111
Polonia,1112
Katja,1113
Lorraine,1114
Sabauda,1115
Catriona,1116
Reginita,1117
Hanskya,1118
Euboea,1119
Cannonia,1120
Natascha,1121
Neith,1122
Shapleya,1123
Stroobantia,1124
China,1125
Otero,1126
Mimi,1127
Astrid,1128
Neujmina,1129
Skuld,1130
Porzia,1131
Hollandia,1132
Lugduna,1133
Kepler,1134
Colchis,1135
Mercedes,1136
Raissa,1137
Attica,1138
Atami,1139
Crimea,1140
Bohmia,1141
Aetolia,1142
Odysseus,1143
Oda,1144
Robelmonte,1145
Biarmia,1146
Stavropolis,1147
Rarahu,1148
Volga,1149
Achaia,1150
Ithaka,1151
Pawona,1152
Wallenbergia,1153
Astronomia,1154
Aenna,1155
Kira,1156
Arabia,1157
Luda,1158
Granada,1159
Illyria,1160
Thessalia,1161
Larissa,1162
Saga,1163
Kobolda,1164
Imprinetta,1165
Sakuntala,1166
Dubiago,1167
Brandia,1168
Alwine,1169
Siva,1170
Rusthawelia,1171
Aneas,1172
Anchises,1173
Marmara,1174
Margo,1175
Lucidor,1176
Gonnessia,1177
Irmela,1178
Mally,1179
Rita,1180
Lilith,1181
Ilona,1182
Jutta,1183
Gaea,1184
Nikko,1185
Turnera,1186
Afra,1187
Gothlandia,1188
Terentia,1189
Pelagia,1190
Alfaterna,1191
Prisma,1192
Africa,1193
Aletta,1194
Orangia,1195
Sheba,1196
Rhodesia,1197
Atlantis,1198
Geldonia,1199
Imperatrix,1200
Strenua,1201
Marina,1202
Nanna,1203
Renzia,1204
Ebella,1205
Numerowia,1206
Ostenia,1207
Troilus,1208
Pumma,1209
Morosovia,1210
Bressole,1211
Francette,1212
Algeria,1213
Richilde,1214
Boyer,1215
Askania,1216
Maximiliana,1217
Aster,1218
Britta,1219
Crocus,1220
Amor,1221
Tina,1222
Neckar,1223
Fantasia,1224
Ariane,1225
Golia,1226
Geranium,1227
Scabiosa,1228
Tilia,1229
Riceia,1230
Auricula,1231
Cortusa,1232
Kobresia,1233
Elyna,1234
Schorria,1235
Thais,1236
Genevieve,1237
Predappia,1238
Queteleta,1239
Centenaria,1240
Dysona,1241
Zambesia,1242
Pamela,1243
Deira,1244
Calvinia,1245
Chaka,1246
Memoria,1247
Jugurtha,1248
Rutherfordia,1249
Galanthus,1250
Hedera,1251
Celestia,1252
Frisia,1253
Erfordia,1254
Schilowa,1255
Normannia,1256
Mora,1257
Sicilia,1258
Ogyalla,1259
Walhalla,1260
Legia,1261
Sniadeckia,1262
Varsavia,1263
Letaba,1264
Schweikarda,1265
Tone,1266
Geertruida,1267
Libya,1268
Rollandia,1269
Datura,1270
Isergina,1271
Gefion,1272
Helma,1273
Delportia,1274
Cimbria,1275
Ucclia,1276
Dolores,1277
Kenya,1278
Uganda,1279
Baillauda,1280
Jeanne,1281
Utopia,1282
Komsomolia,1283
Latvia,1284
Julietta,1285
Banachiewicza,1286
Lorcia,1287
Santa,1288
Kutaissi,1289
Albertine,1290
Phryne,1291
Luce,1292
Sonja,1293
Antwerpia,1294
Deflotte,1295
Andree,1296
Quadea,1297
Nocturna,1298
Mertona,1299
Marcelle,1300
Yvonne,1301
Werra,1302
Luthera,1303
Arosa,1304
Pongola,1305
Scythia,1306
Cimmeria,1307
Halleria,1308
Hyperborea,1309
Villigera,1310
Knopfia,1311
Vassar,1312
Berna,1313
Paula,1314
Bronislawa,1315
Kasan,1316
Silvretta,1317
Nerina,1318
Disa,1319
Impala,1320
Majuba,1321
Coppernicus,1322
Tugela,1323
Knysna,1324
Inanda,1325
Losaka,1326
Namaqua,1327
Devota,1328
Eliane,1329
Spiridonia,1330
Solvejg,1331
Marconia,1332
Cevenola,1333
Lundmarka,1334
Demoulina,1335
Zeelandia,1336
Gerarda,1337
Duponta,1338
Desagneauxa,1339
Yvette,1340
Edmee,1341
Brabantia,1342
Nicole,1343
Caubeta,1344
Potomac,1345
Gotha,1346
Patria,1347
Michel,1348
Bechuana,1349
Rosselia,1350
Uzbekistania,1351
Wawel,1352
Maartje,1353
Botha,1354
Magoeba,1355
Nyanza,1356
Khama,1357
Gaika,1358
Prieska,1359
Tarka,1360
Leuschneria,1361
Griqua,1362
Herberta,1363
Safara,1364
Henyey,1365
Piccolo,1366
Nongoma,1367
Numidia,1368
Ostanina,1369
Hella,1370
Resi,1371
Haremari,1372
Cincinnati,1373
Isora,1374
Alfreda,1375
Michelle,1376
Roberbauxa,1377
Leonce,1378
Lomonosowa,1379
Volodia,1380
Danubia,1381
Gerti,1382
Limburgia,1383
Kniertje,1384
Gelria,1385
Storeria,1386
Kama,1387
Aphrodite,1388
Onnie,1389
Abastumani,1390
Carelia,1391
Pierre,1392
Sofala,1393
Algoa,1394
Aribeda,1395
Outeniqua,1396
Umtata,1397
Donnera,1398
Teneriffa,1399
Tirela,1400
Lavonne,1401
Eri,1402
Idelsonia,1403
Ajax,1404
Sibelius,1405
Komppa,1406
Lindelof,1407
Trusanda,1408
Isko,1409
Margret,1410
Brauna,1411
Lagrula,1412
Roucarie,1413
Jerome,1414
Malautra,1415
Renauxa,1416
Walinskia,1417
Fayeta,1418
Danzig,1419
Radcliffe,1420
Esperanto,1421
Stromgrenia,1422
Jose,1423
Sundmania,1424
Tuorla,1425
Riviera,1426
Ruvuma,1427
Mombasa,1428
Pemba,1429
Somalia,1430
Luanda,1431
Ethiopia,1432
Geramtina,1433
Margot,1434
Garlena,1435
Salonta,1436
Diomedes,1437
Wendeline,1438
Vogtia,1439
Rostia,1440
Bolyai,1441
Corvina,1442
Ruppina,1443
Pannonia,1444
Konkolya,1445
Sillanpaa,1446
Utra,1447
Lindbladia,1448
Virtanen,1449
Raimonda,1450
Grano,1451
Hunnia,1452
Fennia,1453
Kalevala,1454
Mitchella,1455
Saldanha,1456
Ankara,1457
Mineura,1458
Magnya,1459
Haltia,1460
Jean-Jacques,1461
Zamenhof,1462
Nordenmarkia,1463
Armisticia,1464
Autonoma,1465
Mundleria,1466
Mashona,1467
Zomba,1468
Linzia,1469
Carla,1470
Tornio,1471
Muonio,1472
Ounas,1473
Beira,1474
Yalta,1475
Cox,1476
Bonsdorffia,1477
Vihuri,1478
Inkeri,1479
Aunus,1480
Tubingia,1481
Sebastiana,1482
Hakoila,1483
Postrema,1484
Isa,1485
Marilyn,1486
Boda,1487
Aura,1488
Attila,1489
Limpopo,1490
Balduinus,1491
Oppolzer,1492
Sigrid,1493
Savo,1494
Helsinki,1495
Turku,1496
Tampere,1497
Lahti,1498
Pori,1499
Jyvaskyla,1500
Baade,1501
Arenda,1502
Kuopio,1503
Lappeenranta,1504
Koranna,1505
Xosa,1506
Vaasa,1507
Kemi,1508
Esclangona,1509
Charlois,1510
Dalera,1511
Oulu,1512
Matra,1513
Ricouxa,1514
Perrotin,1515
Henry,1516
Beograd,1517
Rovaniemi,1518
Kajaani,1519
Imatra,1520
Seinajoki,1521
Kokkola,1522
Pieksamaki,1523
Joensuu,1524
Savonlinna,1525
Mikkeli,1526
Malmquista,1527
Conrada,1528
Oterma,1529
Rantaseppa,1530
Hartmut,1531
Inari,1532
Saimaa,1533
Nasi,1534
Paijanne,1535
Pielinen,1536
Transylvania,1537
Detre,1538
Borrelly,1539
Kevola,1540
Estonia,1541
Schalen,1542
Bourgeois,1543
Vinterhansenia,1544
Thernoe,1545
Izsak,1546
Nele,1547
Palomaa,1548
Mikko,1549
Tito,1550
Argelander,1551
Bessel,1552
Bauersfelda,1553
Yugoslavia,1554
Dejan,1555
Wingolfia,1556
Roehla,1557
Jarnefelt,1558
Kustaanheimo,1559
Strattonia,1560
Fricke,1561
Gondolatsch,1562
Noel,1563
Srbija,1564
Lemaitre,1565
Icarus,1566
Alikoski,1567
Aisleen,1568
Evita,1569
Brunonia,1570
Cesco,1571
Posnania,1572
Vaisala,1573
Meyer,1574
Winifred,1575
Fabiola,1576
Reiss,1577
Kirkwood,1578
Herrick,1579
Betulia,1580
Abanderada,1581
Martir,1582
Antilochus,1583
Fuji,1584
Union,1585
Thiele,1586
Kahrstedt,1587
Descamisada,1588
Fanatica,1589
Tsiolkovskaja,1590
Baize,1591
Mathieu,1592
Fagnes,1593
Danjon,1594
Tanga,1595
Itzigsohn,1596
Laugier,1597
Paloque,1598
Giomus,1599
Vyssotsky,1600
Patry,1601
Indiana,1602
Neva,1603
Tombaugh,1604
Milankovitch,1605
Jekhovsky,1606
Mavis,1607
Munoz,1608
Brenda,1609
Mirnaya,1610
Beyer,1611
Hirose,1612
Smiley,1613
Goldschmidt,1614
Bardwell,1615
Filipoff,1616
Alschmitt,1617
Dawn,1618
Ueta,1619
Geographos,1620
Druzhba,1621
Chacornac,1622
Vivian,1623
Rabe,1624
The NORC,1625
Sadeya,1626
Ivar,1627
Strobel,1628
Pecker,1629
Milet,1630
Kopff,1631
Siebohme,1632
Chimay,1633
Ndola,1634
Bohrmann,1635
Porter,1636
Swings,1637
Ruanda,1638
Bower,1639
Nemo,1640
Tana,1641
Hill,1642
Brown,1643
Rafita,1644
Waterfield,1645
Rosseland,1646
Menelaus,1647
Shajna,1648
Fabre,1649
Heckmann,1650
Behrens,1651
Herge,1652
Yakhontovia,1653
Bojeva,1654
Comas Sola,1655
Suomi,1656
Roemera,1657
Innes,1658
Punkaharju,1659
Wood,1660
Granule,1661
Hoffmann,1662
van den Bos,1663
Felix,1664
Gaby,1665
van Gent,1666
Pels,1667
Hanna,1668
Dagmar,1669
Minnaert,1670
Chaika,1671
Gezelle,1672
van Houten,1673
Groeneveld,1674
Simonida,1675
Kariba,1676
Tycho Brahe,1677
Hveen,1678
Nevanlinna,1679
Per Brahe,1680
Steinmetz,1681
Karel,1682
Castafiore,1683
Iguassu,1684
Toro,1685
De Sitter,1686
Glarona,1687
Wilkens,1688
Floris-Jan,1689
Mayrhofer,1690
Oort,1691
Subbotina,1692
Hertzsprung,1693
Kaiser,1694
Walbeck,1695
Nurmela,1696
Koskenniemi,1697
Christophe,1698
Honkasalo,1699
Zvezdara,1700
Okavango,1701
Kalahari,1702
Barry,1703
Wachmann,1704
Tapio,1705
Dieckvoss,1706
Chantal,1707
Polit,1708
Ukraina,1709
Gothard,1710
Sandrine,1711
Angola,1712
Bancilhon,1713
Sy,1714
Salli,1715
Peter,1716
Arlon,1717
Namibia,1718
Jens,1719
Niels,1720
Wells,1721
Goffin,1722
Klemola,1723
Vladimir,1724
CrAO,1725
Hoffmeister,1726
Mette,1727
Goethe Link,1728
Beryl,1729
Marceline,1730
Smuts,1731
Heike,1732
Silke,1733
Zhongolovich,1734
ITA,1735
Floirac,1736
Severny,1737
Oosterhoff,1738
Meyermann,1739
Paavo Nurmi,1740
Giclas,1741
Schaifers,1742
Schmidt,1743
Harriet,1744
Ferguson,1745
Brouwer,1746
Wright,1747
Mauderli,1748
Telamon,1749
Eckert,1750
Herget,1751
van Herk,1752
Mieke,1753
Cunningham,1754
Lorbach,1755
Giacobini,1756
Porvoo,1757
Naantali,1758
Kienle,1759
Sandra,1760
Edmondson,1761
Russell,1762
Williams,1763
Cogshall,1764
Wrubel,1765
Slipher,1766
Lampland,1767
Appenzella,1768
Carlostorres,1769
Schlesinger,1770
Makover,1771
Gagarin,1772
Rumpelstilz,1773
Kulikov,1774
Zimmerwald,1775
Kuiper,1776
Gehrels,1777
Alfven,1778
Parana,1779
Kippes,1780
Van Biesbroeck,1781
Schneller,1782
Albitskij,1783
Benguella,1784
Wurm,1785
Raahe,1786
Chiny,1787
Kiess,1788
Dobrovolsky,1789
Volkov,1790
Patsayev,1791
Reni,1792
Zoya,1793
Finsen,1794
Woltjer,1795
Riga,1796
Schaumasse,1797
Watts,1798
Koussevitzky,1799
Aguilar,1800
Titicaca,1801
Zhang Heng,1802
Zwicky,1803
Chebotarev,1804
Dirikis,1805
Derice,1806
Slovakia,1807
Bellerophon,1808
Prometheus,1809
Epimetheus,1810
Bruwer,1811
Gilgamesh,1812
Imhotep,1813
Bach,1814
Beethoven,1815
Liberia,1816
Katanga,1817
Brahms,1818
Laputa,1819
Lohmann,1820
Aconcagua,1821
Waterman,1822
Gliese,1823
Haworth,1824
Klare,1825
Miller,1826
Atkinson,1827
Kashirina,1828
Dawson,1829
Pogson,1830
Nicholson,1831
Mrkos,1832
Shmakova,1833
Palach,1834
Gajdariya,1835
Komarov,1836
Osita,1837
Ursa,1838
Ragazza,1839
Hus,1840
Masaryk,1841
Hynek,1842
Jarmila,1843
Susilva,1844
Helewalda,1845
Bengt,1846
Stobbe,1847
Delvaux,1848
Kresak,1849
Kohoutek,1850
Lacroute,1851
Carpenter,1852
McElroy,1853
Skvortsov,1854
Korolev,1855
Ruzena,1856
Parchomenko,1857
Lobachevskij,1858
Kovalevskaya,1859
Barbarossa,1860
Komensky,1861
Apollo,1862
Antinous,1863
Daedalus,1864
Cerberus,1865
Sisyphus,1866
Deiphobus,1867
Thersites,1868
Philoctetes,1869
Glaukos,1870
Astyanax,1871
Helenos,1872
Agenor,1873
Kacivelia,1874
Neruda,1875
Napolitania,1876
Marsden,1877
Hughes,1878
Broederstroom,1879
McCrosky,1880
Shao,1881
Rauma,1882
Rimito,1883
Skip,1884
Herero,1885
Lowell,1886
Virton,1887
Zu Chong-Zhi,1888
Pakhmutova,1889
Konoshenkova,1890
Gondola,1891
Lucienne,1892
Jakoba,1893
Haffner,1894
Larink,1895
Beer,1896
Hind,1897
Cowell,1898
Crommelin,1899
Katyusha,1900
Moravia,1901
Shaposhnikov,1902
Adzhimushkaj,1903
Massevitch,1904
Ambartsumian,1905
Naef,1906
Rudneva,1907
Pobeda,1908
Alekhin,1909
Mikhailov,1910
Schubart,1911
Anubis,1912
Sekanina,1913
Hartbeespoortdam,1914
Quetzalcoatl,1915
Boreas,1916
Cuyo,1917
Aiguillon,1918
Clemence,1919
Sarmiento,1920
Pala,1921
Zulu,1922
Osiris,1923
Horus,1924
Franklin-Adams,1925
Demiddelaer,1926
Suvanto,1927
Summa,1928
Kollaa,1929
Lucifer,1930
Capek,1931
Jansky,1932
Tinchen,1933
Jeffers,1934
Lucerna,1935
Lugano,1936
Locarno,1937
Lausanna,1938
Loretta,1939
Whipple,1940
Wild,1941
Jablunka,1942
Anteros,1943
Gunter,1944
Wesselink,1945
Walraven,1946
Iso-Heikkila,1947
Kampala,1948
Messina,1949
Wempe,1950
Lick,1951
Hesburgh,1952
Rupertwildt,1953
Kukarkin,1954
McMath,1955
Artek,1956
Angara,1957
Chandra,1958
Karbyshev,1959
Guisan,1960
Dufour,1961
Dunant,1962
Bezovec,1963
Luyten,1964
van de Kamp,1965
Tristan,1966
Menzel,1967
Mehltretter,1968
Alain,1969
Sumeria,1970
Hagihara,1971
Yi Xing,1972
Colocolo,1973
Caupolican,1974
Pikelner,1975
Kaverin,1976
Shura,1977
Patrice,1978
Sakharov,1979
Tezcatlipoca,1980
Midas,1981
Cline,1982
Bok,1983
Fedynskij,1984
Hopmann,1985
Plaut,1986
Kaplan,1987
Delores,1988
Tatry,1989
Pilcher,1990
Darwin,1991
Galvarino,1992
Guacolda,1993
Shane,1994
Hajek,1995
Adams,1996
Leverrier,1997
Titius,1998
Hirayama,1999
Herschel,2000
