#@sports
10000m
100m
100m backstroke
100m breaststroke
100m butterfly
100m freestyle
100m hurdles
110m hurdles
1500m
1500m freestyle
200m
200m backstroke
200m breaststroke
200m butterfly
200m freestyle
200m individual medley
20km walk
3000m steeplechase
400m
400m freestyle
400m hurdles
400m individual medley
4x100m freestyle relay
4x100m medley relay
4x100m relay
4x200m freestyle relay
4x400m relay
5000m
50km walk
50m freestyle
800m
800m freestyle
abaguresi
abseiling
adventure racing
adventure sports
aerobatics
aeromodeling
aggressive inline skating
air hockey
air racing
air sports
airsoft
all-terrain boarding
alpine skiing
alpinism
american football
american handball
angling
aquathlon
archery
arena football
arena rugby
arm wrestling
arnis
artistic billiards
artistic cycling
artistic gymnastics
artistic pool
artistic roller skating
association football
athletics
atlatl
atv
australian football
australian handball
auto racing
autocross
autograss
ba game
backstroke
badminton
bagatelle
baguazhang
balance beam
balkline
ball badminton
ball hockey
ballooning
ballroom dancing
bando
bandy
banger racing
bank pool
banzai skydiving
bar billiards
bare-knuckle boxing
barrel racing
base jumping
baseball
basketball
basque pelota
bat-and-trap
battojutsu
beach basketball
beach handball
beach rugby
beach soccer
beach tennis
beach volleyball
beach woodball
beagling
benchpress
benchrest shooting
biathlon
bicycle motocross
bicycle polo
big game hunting
big-game fishing
billiards
biribol
blackball
bmx
board track racing
boardercross
bobrun cycling
bobrun skating
bobsleigh
bocce
boccia
bodyboarding
bodybuilding
boffer fighting
bokator
boli khela
borden ball
bossaball
bouldering
boule lyonnaise
bounceball
bowling
bowls
box lacrosse
boxing
bosseln
brazilian jiu-jitsu
breakaway roping
team roping
barrel racing
steer wrestling
goat tying
bronc riding
bull riding
steer roping
pole bending.
breaststroke
british baseball
broomball
brannboll
bujinkan
bull fighting
bull riding
bunnock
bushwhacking
butterfly stroke
buzkashi
caid
calcio fiorentino
caber toss
calva
camel jumping
camel racing
cammag
camogie
campdrafting
camping
canadian football
candlepin bowling
caneball
canoe polo
canoeing
capoeira
capture the flag
carom billiards
casterboarding
catch wrestling
charreada
cheerleading
chessboxing
chester-le-street
chicago
chilean rodeo
chinese handball
chinlone
choi kwang-do
clay pigeon shooting
clean and jerk
clout archery
cnapan
combat robot
combine racing
combined training
competitive eating
competitive marching band
composite rules shinty-hurling
corkball
cornish hurling
court tennis
cowboy
cowboy action shooting
cowboy polo
crab soccer or crab football
crazy golf
cricket
croquet
cross country skiing
cross-country mountain biking
cross-country rally
cross-country running
crossfit
cue sports
cuju
curling
cushion caroms
cycle polo
cycle speedway
cycling
cyclo-cross
czech handball
dancesport
danish longball
darts
deadlifting
deaf basketball
debating
decathlon
deer hunting
demolition derby
desert racing
dinghy sailing
dirt jumping
dirt track racing
disc dog
disc golf
disc sports
discus
discus throw
diving
dodge disc
dodgeball
dog racing
dog sledding
dog sports
double disc court
downhill mountain biking
downhill skiing
drag boat racing
drag racing
dragon boat racing
dressage
drifting
drunken boxing
duathlon
duckpin bowling
dumog
durango boot
e-sports
egg and spoon race
egyptian stick fencing
eight-ball
eight-man football
elephant polo
endurance racing
endurance riding
endurance running
enduro
english billiards
english pleasure
ensemble
episkyros
equestrian
equestrian vaulting
equitation
eskrima
eton college
eton fives
european handball
eventing
expedition racing
extreme off-road
fast pitch
fast5
fell running
fencing
fiba 33
field archery
field handball
field hockey
field lacrosse
field target
fierljeppen
figure skating
finswimming
fishing
fistball
fisticuffs
five-pin billiards
five-pin bowling
fives
flag football
flight archery
floor
floor hockey
floorball
footbag net
football
football tennis
footvolley
formula racing
four square
four-ball
freediving
freestyle bmx
freestyle motocross
freestyle skiing
freestyle snowboarding
freestyle swimming
frescoball
fricket
frisian handball
frontenis
fullbore target rifle
fussball
futsal
fussball
ga-ga
gaelic football
gaming
gateball
gatka
geocaching
gliding
gliding aerobatics
glima
go-moku
goalball
goaltimate
golf
grand prix motorcycle racing
grappling
greyhound racing
gridiron football
group gymnastics
guts
gymkhana
gymnastics
hammer throw
handball
hang gliding
harness racing
heptathlon
high bar
high jump
high power rifle
hill climb
hillclimbing
hockey
horse polo
horse racing
horseball
horseshoes
hot air ballooning
hovercraft racing
hurdles
hurling
hydroplane racing
ice climbing
ice hockey
ice racing
ice skating
ice speedway
ice yachting
indoor cricket
indoor enduro
indoor field hockey
indoor football
indoor netball
indoor short track
indoor soccer
indoor trial
inline hockey
inline skating
inline speed skating
intercrosse
international fronton
international rules football
ironman
jodo
jacquet
jai alai
janggi
javelin
javelin throw
jeet kune do
jet sprint boat racing
jeu de paume
jianzi
joggling
jogo do pau
jokgu
jorkyball
judo
jujutsu
jumping
juttejutsu
jukendo
kabaddi
kaisa
karate
kart racing
kayaking
kelly pool
kemari
kendo
kho kho
ki-o-rahi
kickball
kickboxing
kilikiti
kin-ball
kite boarding
kite fighting
kite landboarding
kitesurfing
klootschieten
kneeboarding
knife throwing
korfball
krachtbal
kurash
la soule
lacrosse
lagori
land sailing
land speed records
land windsurfing
lapta
laser tag
lawn bowls
lawn mower racing
legends car racing
lelo burti
lethwei
letterboxing
long jump
longa meta
longboarding
luge
lumberjack
mahjong
majorette
malla-yuddha
mancala
marathon
marathon 10km
marbles games
marn grook
martial arts
masters rugby league
matball
matkot
mcmap
medieval football
medley relay
mesoamerican ballgame
metallic silhouette
metro footy
midget car racing
military service rifle
mini footy
mini rugby
minigolf or miniature golf
mixed martial arts
mob football
mod league
model aerobatics
model aircraft
modern arnis
modern pentathlon
modified pitch
mongolian wrestling
monster truck
moscow broomball
moto-ball
motocross
motorcycle drag racing
motorcycle gymkhana
motorcycle polo
motorcycle speedway
motorcycle trials
motorcycling road racing
motorsports
mountain biking
mountain unicycling
mountainboarding
mountaineering
muay thai
mud bogging
muggle quidditch
meta
naginatajutsu
netball
newcomb ball
nine-a-side footy
nine-ball
nine-man football
ninjutsu
nordic combined
nordic skiing
northern praying mantis
novuss
odi
off-road racing
offroad boarding
offshore powerboat racing
oil wrestling
oina
okinawan kobudo
old cat
one day international
one-pocket
orienteering
outdoor handball
outrigger canoeing
over-the-line
oztag
paddle tennis
paddleball
padel
paintball
pall mall
palla
pankration
para-climbing
parachuting
paragliding
parallel bars
paralympic football
paralympic volleyball
parkour
patball
pato
pehlwani
pelota mixteca
pentathlon
pesapallo
peteca
pickle
pickleball
ping pong
pitch and putt
pocket billiards
pole vault
polo
polocrosse
pommel horse
pond hockey
pool
popinjay
power boat racing
power hockey
powerchair football
powerlifting
practical shooting
pradal serey
prizefighting
pyramid
petanque
quadrathlon
quidditch
race walking
racketlon
rackets
racquetball
racquets
rally racing
rallycross
real tennis
rec footy
reining
rhythmic gymnastics
ringball
ringette
rink bandy
rink hockey
rinkball
riverboarding
road bicycle racing
road crawling
road racing
robot combat
rock climbing
rock racing
rodeo
rogaining
roller derby
roller hockey
roller skating
rope climbing
rope jumping
roque
rossall hockey
rotation
rounders
rowing
royaking
rugby fives
rugby league
rugby league nines
rugby league sevens
rugby sevens
rugby tens
rugby union
rundown
running
russian fist fighting
russian pyramid
sabaki ball
sailing
sambo
samoa rules
sand drags
sanda
sandball
sandboarding
sanshou
savate
schwingen
scootering
scrub baseball
scuba diving
sculling rowing
sea kayaking
segway polo
sepak takraw
seven-ball
shaolin kung fu
shidokan
shinty
shinty-hurling
shogi
shoot boxing
shootfighting
shooting
shorinji kempo
short track motor racing
short track speed skating
shot put
show jumping
shuai jiao
shuffleboard
shurikenjutsu
sikaran
silambam
silat
sipa
six-man football
skateboarding
skater hockey
skee ball
skeet shooting
skeleton
ski flying
ski jumping
ski touring
skiboarding
skibobbing
skiing
skijo
skimboarding
skirmish
skittles
sky race
skydiving
skysurfing
slacklining
slamball
sledge hockey
slopestyle
slow pitch
snatch
snooker
snow kiting
snow polo
snowbiking
snowboarding
snowmobile racing
snowshoeing
soccer
soft tennis
softball
speed pool
speed skating
speed skiing
speed-ball
speedball
speedcubing
speedminton
spongee
sport aerobics
sport climbing
sport diving
sport fishing
sport kite
sport stacking
sporting clays
sports acrobatics
sports car racing
sprint
sprint car racing
sprint football
squash
squash tennis
squat
squirt boating
ssireum
steeplechase
still rings
stock car racing
stool ball
street hockey
street racing
streetball
streetboarding
streetluge
stunt kite
subak
subbuteo
sumo wrestling
superbike racing
supercross
supermoto
superside
surf fishing
surf kayaking
surfboat
surfing
swamp football
swedish football
sweep rowing
swimming
swing
swing boarding
swordfighting
synchronized skating
synchronized swimming
systema
t'ai chi ch'uan
t-ball
table football
table hockey
table tennis
taekkyeon
taekwondo
tag
tag rugby
taido
taipei
tang soo do
tapball
target archery
target shooting
tchoukball
te ano
team handball
team penning
telemark skiing
ten-ball
ten-pin bowling
tennis
tennis polo
tenpin
tent pegging
test cricket
tetherball
the massachusetts game
thoroughbred racing
three sided football
three-ball
three-cushion billiards
three-legged race
throwball
throwing
thumb wrestling
time attack
toboggan
toe wrestling
torball
touch football
touch rugby
touring car racing
tower running
town ball
track and field
track cycling
track racing
tractor pulling
trailer racing
train racing
trampolining
trap shooting
trapeze
trial
triathlon
trick shot competition
tricking
triple jump
truck racing
trugo
tt racing
tug of war
tumbling
turkish wrestling
twenty20
ultimate
ultralight aviation
ultramarathon
underwater football
underwater hockey
underwater ice hockey
underwater orienteering
underwater photography
underwater rugby
underwater target shooting
underwater wrestling
uneven bars
unicycle basketball
unicycle handball
unicycle hockey
unicycle trials
unicycling
vajra-mushti
valencian fronto
valencian pilota
varpa
varzesh-e bastani
varzesh-e pahlavani
vault
vigoro
vintage racing
volleyball
vovinam
vx
wakeboarding
wakesurfing
wall game
wallball
wallyball
water basketball
water polo
water skiing
waymarking
weightlifting
western pleasure
wheelchair basketball
wheelchair racing
wheelchair rugby
wheelchair rugby league
wheelstand competition
white water rafting
whitewater kayaking
wicketball
wickets
wiffleball
windsurfing
wing chun
wing tsun
wingsuit flying
winter sports
wireball
woggabaliri
wolf hunting
wood chopping
woodball
wrestling
wushu
xare
xingyiquan
yagli gures
yak polo
yotsudama
yubi lakpi
yukigassen
zourkhaneh
zui quan
