Avon
Bedfordshire
Berkshire
Buckinghamshire
Cambridgeshire
Cheshire
Cleveland
Cornwall
Cumberland
Cumbria
Derbyshire
Devon
Dorset
Durham
Essex
Gloucestershire
Greater London
Greater Manchester
Hampshire
Herefordshire
Hertfordshire
Humberside
Huntingdonshire
Isle of Wight
Kent
Lancashire
Leicestershire
Lincolnshire
London
Merseyside
Middlesex
Norfolk
Northamptonshire
Northumberland
Nottinghamshire
Oxfordshire
Rutland
Shropshire
Somerset
Staffordshire
Suffolk
Surrey
Sussex
Tyne and Wear
Warwickshire
West Midlands
Westmorland
Wiltshire
Worcestershire
Yorkshire
Antrim
Armagh
Londonderry
Down
Fermanagh
Tyrone
Aberdeenshire
Angus
Argyll
Ayrshire
Banffshire
Berwickshire
Buteshire
Caithness
Clackmannanshire
Cromartyshire
Dumfriesshire
Dunbartonshire
East Lothian
Fife
Inverness-shire
Kinross-shire
Kirkcudbrightshire
Lanarkshire
Midlothian
Morayshire
Nairnshire
Orkney
Peeblesshire
Perthshire
Renfrewshire
Ross-shire
Roxburghshire
Selkirkshire
Shetland
Stirlingshire
Sutherland
West Lothian
Wigtownshire
Anglesey
Brecknockshire
Caernarfonshire
Cardiganshire
Carmarthenshire
Clwyd
Denbighshire
Dyfed
Flintshire
Glamorgan
Gwent
Gwynedd
Merionethshire
Monmouthshire
Montgomeryshire
Pembrokeshire
Powys
Radnorshire
