#@US presidents
Washington,George,1,1732,1799
Adams,John,2,1735,1826
Jefferson,Thomas,3,1743,1826
Madison,James,4,1751,1836
Monroe,James,5,1758,1831
Adams,John Quincy,6,1767,1848
Jackson,Andrew,7,1767,1845
Van Buren,Martin,8,1782,1862
Harrison,William Henry,9,1773,1841
Tyler,John,10,1790,1862
Polk,James K.,11,1795,1849
Taylor,Zachary,12,1784,1850
Fillmore,Millard,13,1800,1874
Pierce,Franklin,14,1804,1869
Buchanan,James,15,1791,1868
Lincoln,Abraham,16,1809,1865
Johnson,Andrew,17,1808,1875
Grant,Ulysses S.,18,1822,1885
Hayes,Rutherford B.,19,1822,1893
Garfield,James A.,20,1831,1881
Arthur,Chester A.,21,1829,1886
Cleveland,Grover,22,1837,1908
Harrison,Benjamin,23,1833,1901
Cleveland,Grover,24,1837,1908
McKinley,William,25,1843,1901
Roosevelt,Theodore,26,1858,1919
Taft,William Howard,27,1857,1930
Wilson,Woodrow,28,1856,1924
Harding,Warren G.,29,1865,1923
Coolidge,Calvin,30,1872,1933
Hoover,Herbert,31,1874,1964
Roosevelt,Franklin D.,32,1882,1945
Truman,Harry S.,33,1884,1972
Eisenhower,Dwight D.,34,1890,1969
Kennedy,John F.,35,1917,1963
Johnson,Lyndon B.,36,1908,1973
Nixon,Richard,37,1913,1994
Ford,Gerald,38,1913,2006
Carter,Jimmy,39,1924,
Reagan,Ronald,40,1911,2004
Bush,George H. W.,41,1924,
Clinton,Bill,42,1946,
Bush,George W.,43,1946,
Obama,Barack,44,1961,
Trump,Donald,45,1946,
Biden,Joe,46,1942,
