#@weapons
epee
odachi
otsuchi
a-bomb
adze
ahlspiess
aikuchi
aklys
amirre
ammo
ammunition
anelace
angon
ankus
ankusha
arbalest
arbir
arblast
arit
armament
arming sword
arquebus
arrow
aruval
asa
asaya
assagai
assamese dao
assault rifle
assegai
atgeir
atlatl and darts
atom bomb
atomic bomb
autocannon
automatic rifle
awl pike
axe
ayudha katti
bo
baton francais
backsword
bagh naka
ballista
ballistic missile
bangkaw
bardiche
barong
baseball bat
baselard
basket-hilted sword
bastard sword
bat
baton
battering ram
battle axe
bayonet
bazooka
bec de corbin
bec de faucon
beidao
bhuj
bilbo
bill
bill hook
bill-guisarme
billy club
biological weapon
bisento
blackjack
blade
bladed cestus
blaster
blow tube
blowgun
blowpipe
bludgeon
blunderbuss
bo-shuriken
boar spear
boar sword
bokken
bolas
bolo
bomb
bombard
boobytrap
boomerang
bow
bow and arrow
bowie knife
brandistock
brass knuckles
briquet
broadaxe
broadsword
bronze sword
bullet
bullet bow
bullhook
bullwhip
buttafuore
cable-backed bow
caestus
caliver
cambuk
canne de combat
cannon
carbine
cat o' nine tails
catapult
celtic dagger
celtic sword
cestrosphendone
cestrus
cestus
chui
chacing staff
chain whip
chako
chakram
changdao
chichang
chicken sickles
chicotte
chigiriki
chisakatana
chokuto
chu-ko-nu
churuvadi
chuttuval
cinquedea
claidheamh da laimh
claymore
cleaver
club
clubbing boomerang
colichemarde
composite bow
congolese ax
cossack dagger
crop
crops
crossbow
crowbill
cudgel
culverin
cumberjung
cutlass
dotanuki
dadao
dagger
dagger-axe
dahomey axe club
dai chui
daijichang
daikyu
dane axe
dangpa-chang
danisco
danish axe
dao
dart
decurve bow
deflex bow
depth charge
dha
doglock
doloire
donderbus
dongyemochang
dopplehander
doru
dory
double-ended flail
dragon's fist
dussack
eku
elephant goad
elephant hook
emeici
english bill
english bullet bow
english long axe
english longbow
eskrima sticks
espee bastarde
espada ropera
espadon
estoc
explosive
falarica
falcata
falchion
falx
fauchard
feather staff
fimbo
finger knife
firanghi
firangi
fire lance
firearm
flail
flail with quoits
flambard
flamberge
flame-bladed sword
flamethrower
flammard
flammenschwert
flanged mace
flashlight
flatbow
fleau d'armes
flintlock
flying claws
flying hammer
flyssa
foil
four-pointed tongi
framea
francesca
francisca
frying pan
fu
fukiya
fustibale
gaizaz
galgorichang
gandasa
gar
gastraphetes
gatling gun
gauntlet
geirr
ger
german stone bow
gladius
glaive
goedendag
goleyo
golok
great sword
grenade
grenade launcher
grossmesser
grootzwaard
guan
guided missile
guisarme
gun
gungdo
gunpowder
gurz
hackbut
hafted axe
haikuchi
hakapik
halberd
hammer
hanbo
hand axe
hand cannon
hand grenade
hand-and-a-half sword
handgun
hangar
hanger
hankyu
harkbus
harpe
harpoon
harquebus
hasta
hatchet
heading sword
heavy cavalry sword
hiebmesser
highland sword
hira-shuriken
hoko yari
holbein dagger
hook sword
horseman's hammer
horseman's pick
howitzer
hunga munga
hungarian bow
hunting knife
hunting sword
huochong
hurlbat
hwal
hwando
hwandudaedo
hydrogen bomb
icbm
ida
iklwa
imvubu
intercontinental ballistic missile
iron fan
iron sword
itak
jo
jangchang
japanese fan
javelin
jedwart stave
ji
jian
jitte
jiujiebian
jouhyou
jukjangchangbo
jutte
kaduthala
kama
kampilan
kanabo
karabela
karambit
kaskara
kastane
katana
katar
katena
katzbalger
kerala
kerambit
kestrophedrone
kestros
khanda
khanjali georgia
khopesh
khukri
kiboko
kilij
kinjal
klewang
knife
knobkerry
knobkierrie
knopkierie
knout
knuckle dusters
ko
kodachi
kopis
kora
korambit
korean fan
kotiate
kpinga
krabi
kriegsflegel
kriegsmesser
kris
kujang
kukri
kunai
kurbash
kurumaken
kurunthadi
kuruvadi
kusari-fundo
kusari-gama
kyoketsu-shoge
labrys
lance
lancea
landmine
langes messer
langschwert
lantaka
lariat
laser
lasso
lathi
leaf-shaped dagger
leaf-shaped sword
litupa
liu xing chui
liuyedao
lochaber axe
long gun
long-bearded axe
long-handled nagamaki
longbow
longer danish axe
longsword
lowland sword
lucerne hammer
macana
mace
mace scepter
machete
machine gun
macuahuitl
maduvu
magnum
makhaira
malabar coast sword
mameluke
man catcher
mandau
mangonel
manriki
manriki-gusari
maquahuitl
martel de fer
martiobarbuli
maru
masakari
matchlock
mattock
maul
menaulion
mere
messer
meteor hammer
miao dao
migration period spear
military fork
mine
misericorde
missile
mnigolo
mongol bow
monk's spade
morning star
mortar
mortuary sword
mubuchae
muchan
mughal mace
munitions
musket
mustard gas
muzzleloader
myrmex
nabboot
naboot
nagamaki
naginata
nagyka
nandao
nangsun
nerve gas
ngaw
night stick
nihonto
nimcha
njiga
nodachi
northern spear
nuclear bomb
nulbjakchang
nulla nulla
numchucks
nunchaku
nyepel
nzappa zap
onager
one-handed dacian falx
ono
ordnance
organ gun
otta
ottoman gurz
ottoman quama
ovate handaxe
ox tongue spear
palstave
palupad
panabas
parade sword
parang pandit
paratschwerter
partisan
partizan
pata
patag
patu
patuki
peashooter
pellet crossbow
pepper spray
pernach
perso-parthian bow
petrary
phalarica
piandao
pichangatti
pickaxe
pike
pilum
pinuti
pistol
pistol crossbow
pitchfork
plancon a picot
planson
plumbata
poleaxe
pommel
pudao
pulwar
punyal
push dagger
qiang
qijiebian
quama
quarterstaff
rabauld
ranseur
rapier
rawcon
repeating crossbow
revolver
rhomphaia
ribauiidkin
ribault
rifle
rock
rocket
rocket launcher
roman scissor
rope dart
rope javelin
roundhead
rungu
runka
sabarichang
saber
sabre
sagaris
sai
saif
saingeom
saintie
samjigun
samjitbin
sansetsukon
sappara
sarissa
sasumata
saunion
schiavona
schweizerdegen
schweizersabel
scimitar
scythe
seax
self bow
semiautomatic
shaken
shamshir
shareeravadi
shashka
shell
sheng bao
sheng biao
shepherd's axe
shestopyor
shikomizue
shillelagh
shooter
short scepter
shorter danish axe
shortsword
shotel
shotgun
shoum
shuriken
sibat
sica
sickle
sickle-sword
side-sword
siege tower
sjambok
skaane lockbow
sledgehammer
sling
slingshot
small crossbow
small sword
smallwhips
snaphance
snaplock
sodegarami
soliferreum
soliferrum
sosun pattah
sovnya
spada longa
spadone
spadroon
sparth axe
spatha
spear
spetum
sphairai
spiculum
spiked mace
spontoon tomahawk
ssangsudo
stave sling
stiletto
stockwhip
stone club
straight sticks
stun gun
submachine gun
suburito
sudanese sickle-knife
sumbling
suruchin
surujin
swiss arrow
swiss dagger
switchblade
sword
swordstaff
szabla
tabak-toyok
tabarzin
tachi
taiaha
takoba
talibon
talwar
tambo
tanbo
tank
tank gun
taser
tear gas
tekkan
tekko
tepoztopilli
tewhatewha
three-section staff
throwing knife
throwing spear
throwing spikes
throwing stars
thrown darts
tibetan jian
tiger claws
tomahawk
tonfa
tongi
torpedo
toupjang
trebuchet
trident
tripwire
trishula
truncheon
tsukubo
tsurugi
tu huo qiang
tuck
turkish bow
two-handed dacian falx
two-handed sword
two-pointed
two-section staff
uchigatana
ulfberht
urumi
uurga
uzi
valaska
vechevoral
verutum
vettukathi
viking axe
voulge
waddy
wakizashi
war hammer
war scythe
war sword
war-scythe
warbow
weapon
weapon of mass destruction
wedong
welsh longbow
wheel-lock
wheellock
whip
whirlbat
wmd
wodao
woomera
wrench
xhang xiao ban
xiphos
yangjimochang
yanmaodao
yari
yatagan
yataghan
yawara
yawara-bo
yubi-bo
zanbato
zhanmadao
zhibei dao
zhua
zhuge nu
zweihander
h-bomb
a-bomb
jet
fighter
fighter jet
bomber
death star
death ray
disrupter
disintegrator
